2022-09-13 13:08:46,082 INFO [restartedMain] c.a.d.SpringbootEssentialsApplication [StartupInfoLogger.java:50] Starting SpringbootEssentialsApplication on LTIN279850 with PID 27720 (C:\Vignesh\Downloads\beg-spring-boot-2-master\chapter-04\springboot-essentials\target\classes started by 119780 in C:\Vignesh\Downloads\beg-spring-boot-2-master\chapter-04\springboot-essentials)
2022-09-13 13:08:46,095 DEBUG [restartedMain] c.a.d.SpringbootEssentialsApplication [StartupInfoLogger.java:53] Running with Spring Boot v2.0.0.BUILD-SNAPSHOT, Spring v5.0.4.RELEASE
2022-09-13 13:08:46,101 INFO [restartedMain] c.a.d.SpringbootEssentialsApplication [SpringApplication.java:652] No active profile set, falling back to default profiles: default
2022-09-13 13:08:46,237 INFO [restartedMain] o.s.b.w.s.c.AnnotationConfigServletWebServerApplicationContext [AbstractApplicationContext.java:589] Refreshing org.springframework.boot.web.servlet.context.AnnotationConfigServletWebServerApplicationContext@5d1ad72: startup date [Tue Sep 13 13:08:46 IST 2022]; root of context hierarchy
2022-09-13 13:08:49,901 INFO [restartedMain] o.s.b.w.e.t.TomcatWebServer [TomcatWebServer.java:91] Tomcat initialized with port(s): 8080 (http)
2022-09-13 13:08:49,941 INFO [restartedMain] o.a.c.h.Http11NioProtocol [DirectJDKLog.java:180] Initializing ProtocolHandler ["http-nio-8080"]
2022-09-13 13:08:49,970 INFO [restartedMain] o.a.c.c.StandardService [DirectJDKLog.java:180] Starting service [Tomcat]
2022-09-13 13:08:49,971 INFO [restartedMain] o.a.c.c.StandardEngine [DirectJDKLog.java:180] Starting Servlet Engine: Apache Tomcat/8.5.28
2022-09-13 13:08:49,996 INFO [localhost-startStop-1] o.a.c.c.AprLifecycleListener [DirectJDKLog.java:180] The APR based Apache Tomcat Native library which allows optimal performance in production environments was not found on the java.library.path: [C:\Program Files\Java\jdk-11.0.10\bin;C:\WINDOWS\Sun\Java\bin;C:\WINDOWS\system32;C:\WINDOWS;C:/Vignesh/Academy/Spring/sw/eclipse-2022-06//plugins/org.eclipse.justj.openjdk.hotspot.jre.full.win32.x86_64_17.0.3.v20220515-1416/jre/bin/server;C:/Vignesh/Academy/Spring/sw/eclipse-2022-06//plugins/org.eclipse.justj.openjdk.hotspot.jre.full.win32.x86_64_17.0.3.v20220515-1416/jre/bin;C:\Program Files\Zulu\zulu-17\bin\;C:\Program Files\Java\jdk1.8.0_92\bin;C:\Program Files\Common Files\Oracle\Java\javapath;C:\WINDOWS\system32;C:\WINDOWS;C:\WINDOWS\System32\Wbem;C:\WINDOWS\System32\WindowsPowerShell\v1.0\;C:\WINDOWS\System32\OpenSSH\;C:\Program Files\nodejs\;C:\Program Files\7-Zip;C:\Program Files\Amazon\AWSCLIV2\;C:\Program Files\Git\cmd;C:\Program Files\Docker\Docker\resources\bin;C:\ProgramData\DockerDesktop\version-bin;C:\Program Files\Amazon\AWSSAMCLI\bin\;C:\Vignesh\Academy\Software\apache-maven-3.6.3\bin;C:\Users\119780\AppData\Local\Programs\Python\Python39\Scripts\;C:\Users\119780\AppData\Local\Programs\Python\Python39\;C:\Users\119780\AppData\Local\Microsoft\WindowsApps;C:\Users\119780\AppData\Roaming\npm;C:\Program Files\Java\jdk1.8.0_92\bin;;C:\Vignesh\Academy\Spring\sw\eclipse-2022-06;;.]
2022-09-13 13:08:50,228 INFO [localhost-startStop-1] o.a.c.c.C.[.[.[/] [DirectJDKLog.java:180] Initializing Spring embedded WebApplicationContext
2022-09-13 13:08:50,228 INFO [localhost-startStop-1] o.s.w.c.ContextLoader [ServletWebServerApplicationContext.java:285] Root WebApplicationContext: initialization completed in 4006 ms
2022-09-13 13:08:50,525 INFO [localhost-startStop-1] o.s.b.w.s.ServletRegistrationBean [ServletRegistrationBean.java:185] Servlet dispatcherServlet mapped to [/]
2022-09-13 13:08:50,533 INFO [localhost-startStop-1] o.s.b.w.s.FilterRegistrationBean [AbstractFilterRegistrationBean.java:243] Mapping filter: 'characterEncodingFilter' to: [/*]
2022-09-13 13:08:50,534 INFO [localhost-startStop-1] o.s.b.w.s.FilterRegistrationBean [AbstractFilterRegistrationBean.java:243] Mapping filter: 'hiddenHttpMethodFilter' to: [/*]
2022-09-13 13:08:50,535 INFO [localhost-startStop-1] o.s.b.w.s.FilterRegistrationBean [AbstractFilterRegistrationBean.java:243] Mapping filter: 'httpPutFormContentFilter' to: [/*]
2022-09-13 13:08:50,535 INFO [localhost-startStop-1] o.s.b.w.s.FilterRegistrationBean [AbstractFilterRegistrationBean.java:243] Mapping filter: 'requestContextFilter' to: [/*]
2022-09-13 13:08:51,203 INFO [restartedMain] o.s.w.s.m.m.a.RequestMappingHandlerAdapter [RequestMappingHandlerAdapter.java:567] Looking for @ControllerAdvice: org.springframework.boot.web.servlet.context.AnnotationConfigServletWebServerApplicationContext@5d1ad72: startup date [Tue Sep 13 13:08:46 IST 2022]; root of context hierarchy
2022-09-13 13:08:51,364 INFO [restartedMain] o.s.w.s.m.m.a.RequestMappingHandlerMapping [AbstractHandlerMethodMapping.java:548] Mapped "{[/]}" onto public java.lang.String com.apress.demo.HomeController.home(org.springframework.ui.Model)
2022-09-13 13:08:51,373 INFO [restartedMain] o.s.w.s.m.m.a.RequestMappingHandlerMapping [AbstractHandlerMethodMapping.java:548] Mapped "{[/error]}" onto public org.springframework.http.ResponseEntity<java.util.Map<java.lang.String, java.lang.Object>> org.springframework.boot.autoconfigure.web.servlet.error.BasicErrorController.error(javax.servlet.http.HttpServletRequest)
2022-09-13 13:08:51,375 INFO [restartedMain] o.s.w.s.m.m.a.RequestMappingHandlerMapping [AbstractHandlerMethodMapping.java:548] Mapped "{[/error],produces=[text/html]}" onto public org.springframework.web.servlet.ModelAndView org.springframework.boot.autoconfigure.web.servlet.error.BasicErrorController.errorHtml(javax.servlet.http.HttpServletRequest,javax.servlet.http.HttpServletResponse)
2022-09-13 13:08:51,438 INFO [restartedMain] o.s.w.s.h.SimpleUrlHandlerMapping [AbstractUrlHandlerMapping.java:373] Mapped URL path [/webjars/**] onto handler of type [class org.springframework.web.servlet.resource.ResourceHttpRequestHandler]
2022-09-13 13:08:51,438 INFO [restartedMain] o.s.w.s.h.SimpleUrlHandlerMapping [AbstractUrlHandlerMapping.java:373] Mapped URL path [/**] onto handler of type [class org.springframework.web.servlet.resource.ResourceHttpRequestHandler]
2022-09-13 13:08:51,514 INFO [restartedMain] o.s.w.s.h.SimpleUrlHandlerMapping [AbstractUrlHandlerMapping.java:373] Mapped URL path [/**/favicon.ico] onto handler of type [class org.springframework.web.servlet.resource.ResourceHttpRequestHandler]
2022-09-13 13:08:51,564 INFO [restartedMain] o.s.b.a.w.s.WelcomePageHandlerMapping [WelcomePageHandlerMapping.java:56] Adding welcome page: class path resource [public/index.html]
2022-09-13 13:08:51,834 INFO [restartedMain] o.s.b.d.a.OptionalLiveReloadServer [OptionalLiveReloadServer.java:57] LiveReload server is running on port 35729
2022-09-13 13:08:51,928 INFO [restartedMain] o.s.j.e.a.AnnotationMBeanExporter [MBeanExporter.java:434] Registering beans for JMX exposure on startup
2022-09-13 13:08:51,951 INFO [restartedMain] o.a.c.h.Http11NioProtocol [DirectJDKLog.java:180] Starting ProtocolHandler ["http-nio-8080"]
2022-09-13 13:08:51,975 INFO [restartedMain] o.a.t.u.n.NioSelectorPool [DirectJDKLog.java:180] Using a shared selector for servlet write/read
2022-09-13 13:08:52,013 INFO [restartedMain] o.s.b.w.e.t.TomcatWebServer [TomcatWebServer.java:205] Tomcat started on port(s): 8080 (http) with context path ''
2022-09-13 13:08:52,023 INFO [restartedMain] c.a.d.SpringbootEssentialsApplication [StartupInfoLogger.java:59] Started SpringbootEssentialsApplication in 6.647 seconds (JVM running for 8.037)
2022-09-20 15:33:33,258 INFO [restartedMain] c.a.d.SpringbootEssentialsApplication [StartupInfoLogger.java:50] Starting SpringbootEssentialsApplication on LTIN279850 with PID 31252 (C:\Vignesh\Downloads\beg-spring-boot-2-master\chapter-04\springboot-essentials\target\classes started by 119780 in C:\Vignesh\Downloads\beg-spring-boot-2-master\chapter-04\springboot-essentials)
2022-09-20 15:33:33,271 DEBUG [restartedMain] c.a.d.SpringbootEssentialsApplication [StartupInfoLogger.java:53] Running with Spring Boot v2.0.0.BUILD-SNAPSHOT, Spring v5.0.4.RELEASE
2022-09-20 15:33:33,276 INFO [restartedMain] c.a.d.SpringbootEssentialsApplication [SpringApplication.java:652] No active profile set, falling back to default profiles: default
2022-09-20 15:33:33,433 INFO [restartedMain] o.s.b.w.s.c.AnnotationConfigServletWebServerApplicationContext [AbstractApplicationContext.java:589] Refreshing org.springframework.boot.web.servlet.context.AnnotationConfigServletWebServerApplicationContext@2cf40236: startup date [Tue Sep 20 15:33:33 IST 2022]; root of context hierarchy
2022-09-20 15:33:38,870 INFO [restartedMain] o.s.b.w.e.t.TomcatWebServer [TomcatWebServer.java:91] Tomcat initialized with port(s): 8080 (http)
2022-09-20 15:33:38,942 INFO [restartedMain] o.a.c.h.Http11NioProtocol [DirectJDKLog.java:180] Initializing ProtocolHandler ["http-nio-8080"]
2022-09-20 15:33:38,997 INFO [restartedMain] o.a.c.c.StandardService [DirectJDKLog.java:180] Starting service [Tomcat]
2022-09-20 15:33:38,998 INFO [restartedMain] o.a.c.c.StandardEngine [DirectJDKLog.java:180] Starting Servlet Engine: Apache Tomcat/8.5.28
2022-09-20 15:33:39,053 INFO [localhost-startStop-1] o.a.c.c.AprLifecycleListener [DirectJDKLog.java:180] The APR based Apache Tomcat Native library which allows optimal performance in production environments was not found on the java.library.path: [C:\Program Files\Java\jdk-11.0.10\bin;C:\WINDOWS\Sun\Java\bin;C:\WINDOWS\system32;C:\WINDOWS;C:/Vignesh/Academy/Software/eclipse-2022-06//plugins/org.eclipse.justj.openjdk.hotspot.jre.full.win32.x86_64_17.0.3.v20220515-1416/jre/bin/server;C:/Vignesh/Academy/Software/eclipse-2022-06//plugins/org.eclipse.justj.openjdk.hotspot.jre.full.win32.x86_64_17.0.3.v20220515-1416/jre/bin;C:\Program Files\Zulu\zulu-17\bin\;C:\Program Files\Java\jdk1.8.0_92\bin;C:\Program Files\Common Files\Oracle\Java\javapath;C:\WINDOWS\system32;C:\WINDOWS;C:\WINDOWS\System32\Wbem;C:\WINDOWS\System32\WindowsPowerShell\v1.0\;C:\WINDOWS\System32\OpenSSH\;C:\Program Files\nodejs\;C:\Program Files\7-Zip;C:\Program Files\Amazon\AWSCLIV2\;C:\Program Files\Git\cmd;C:\Program Files\Docker\Docker\resources\bin;C:\ProgramData\DockerDesktop\version-bin;C:\Program Files\Amazon\AWSSAMCLI\bin\;C:\Vignesh\Academy\Software\apache-maven-3.6.3\bin;C:\Users\119780\AppData\Local\Programs\Python\Python39\Scripts\;C:\Users\119780\AppData\Local\Programs\Python\Python39\;C:\Users\119780\AppData\Local\Microsoft\WindowsApps;C:\Users\119780\AppData\Roaming\npm;C:\Program Files\Java\jdk1.8.0_92\bin;;C:\Vignesh\Academy\Software\eclipse-2022-06;;.]
2022-09-20 15:33:39,482 INFO [localhost-startStop-1] o.a.c.c.C.[.[.[/] [DirectJDKLog.java:180] Initializing Spring embedded WebApplicationContext
2022-09-20 15:33:39,484 INFO [localhost-startStop-1] o.s.w.c.ContextLoader [ServletWebServerApplicationContext.java:285] Root WebApplicationContext: initialization completed in 6066 ms
2022-09-20 15:33:40,156 INFO [localhost-startStop-1] o.s.b.w.s.ServletRegistrationBean [ServletRegistrationBean.java:185] Servlet dispatcherServlet mapped to [/]
2022-09-20 15:33:40,179 INFO [localhost-startStop-1] o.s.b.w.s.FilterRegistrationBean [AbstractFilterRegistrationBean.java:243] Mapping filter: 'characterEncodingFilter' to: [/*]
2022-09-20 15:33:40,181 INFO [localhost-startStop-1] o.s.b.w.s.FilterRegistrationBean [AbstractFilterRegistrationBean.java:243] Mapping filter: 'hiddenHttpMethodFilter' to: [/*]
2022-09-20 15:33:40,183 INFO [localhost-startStop-1] o.s.b.w.s.FilterRegistrationBean [AbstractFilterRegistrationBean.java:243] Mapping filter: 'httpPutFormContentFilter' to: [/*]
2022-09-20 15:33:40,184 INFO [localhost-startStop-1] o.s.b.w.s.FilterRegistrationBean [AbstractFilterRegistrationBean.java:243] Mapping filter: 'requestContextFilter' to: [/*]
2022-09-20 15:33:41,198 INFO [restartedMain] o.s.w.s.m.m.a.RequestMappingHandlerAdapter [RequestMappingHandlerAdapter.java:567] Looking for @ControllerAdvice: org.springframework.boot.web.servlet.context.AnnotationConfigServletWebServerApplicationContext@2cf40236: startup date [Tue Sep 20 15:33:33 IST 2022]; root of context hierarchy
2022-09-20 15:33:41,460 INFO [restartedMain] o.s.w.s.m.m.a.RequestMappingHandlerMapping [AbstractHandlerMethodMapping.java:548] Mapped "{[/]}" onto public java.lang.String com.apress.demo.HomeController.home(org.springframework.ui.Model)
2022-09-20 15:33:41,469 INFO [restartedMain] o.s.w.s.m.m.a.RequestMappingHandlerMapping [AbstractHandlerMethodMapping.java:548] Mapped "{[/error]}" onto public org.springframework.http.ResponseEntity<java.util.Map<java.lang.String, java.lang.Object>> org.springframework.boot.autoconfigure.web.servlet.error.BasicErrorController.error(javax.servlet.http.HttpServletRequest)
2022-09-20 15:33:41,471 INFO [restartedMain] o.s.w.s.m.m.a.RequestMappingHandlerMapping [AbstractHandlerMethodMapping.java:548] Mapped "{[/error],produces=[text/html]}" onto public org.springframework.web.servlet.ModelAndView org.springframework.boot.autoconfigure.web.servlet.error.BasicErrorController.errorHtml(javax.servlet.http.HttpServletRequest,javax.servlet.http.HttpServletResponse)
2022-09-20 15:33:41,551 INFO [restartedMain] o.s.w.s.h.SimpleUrlHandlerMapping [AbstractUrlHandlerMapping.java:373] Mapped URL path [/webjars/**] onto handler of type [class org.springframework.web.servlet.resource.ResourceHttpRequestHandler]
2022-09-20 15:33:41,552 INFO [restartedMain] o.s.w.s.h.SimpleUrlHandlerMapping [AbstractUrlHandlerMapping.java:373] Mapped URL path [/**] onto handler of type [class org.springframework.web.servlet.resource.ResourceHttpRequestHandler]
2022-09-20 15:33:41,655 INFO [restartedMain] o.s.w.s.h.SimpleUrlHandlerMapping [AbstractUrlHandlerMapping.java:373] Mapped URL path [/**/favicon.ico] onto handler of type [class org.springframework.web.servlet.resource.ResourceHttpRequestHandler]
2022-09-20 15:33:41,721 INFO [restartedMain] o.s.b.a.w.s.WelcomePageHandlerMapping [WelcomePageHandlerMapping.java:56] Adding welcome page: class path resource [public/index.html]
2022-09-20 15:33:42,136 INFO [restartedMain] o.s.b.d.a.OptionalLiveReloadServer [OptionalLiveReloadServer.java:57] LiveReload server is running on port 35729
2022-09-20 15:33:42,448 INFO [restartedMain] o.s.j.e.a.AnnotationMBeanExporter [MBeanExporter.java:434] Registering beans for JMX exposure on startup
2022-09-20 15:33:42,502 INFO [restartedMain] o.a.c.h.Http11NioProtocol [DirectJDKLog.java:180] Starting ProtocolHandler ["http-nio-8080"]
2022-09-20 15:33:42,569 INFO [restartedMain] o.a.t.u.n.NioSelectorPool [DirectJDKLog.java:180] Using a shared selector for servlet write/read
2022-09-20 15:33:42,650 INFO [restartedMain] o.s.b.w.e.t.TomcatWebServer [TomcatWebServer.java:205] Tomcat started on port(s): 8080 (http) with context path ''
2022-09-20 15:33:42,680 INFO [restartedMain] c.a.d.SpringbootEssentialsApplication [StartupInfoLogger.java:59] Started SpringbootEssentialsApplication in 10.584 seconds (JVM running for 13.412)
2022-09-20 15:44:22,817 INFO [Thread-5] o.s.b.w.s.c.AnnotationConfigServletWebServerApplicationContext [AbstractApplicationContext.java:989] Closing org.springframework.boot.web.servlet.context.AnnotationConfigServletWebServerApplicationContext@2cf40236: startup date [Tue Sep 20 15:33:33 IST 2022]; root of context hierarchy
2022-09-20 15:44:22,834 INFO [Thread-5] o.s.j.e.a.AnnotationMBeanExporter [MBeanExporter.java:452] Unregistering JMX-exposed beans on shutdown
2022-09-20 15:44:25,739 INFO [restartedMain] c.a.d.SpringbootEssentialsApplication [StartupInfoLogger.java:50] Starting SpringbootEssentialsApplication on LTIN279850 with PID 31252 (C:\Vignesh\Downloads\beg-spring-boot-2-master\chapter-04\springboot-essentials\target\classes started by 119780 in C:\Vignesh\Downloads\beg-spring-boot-2-master\chapter-04\springboot-essentials)
2022-09-20 15:44:25,740 DEBUG [restartedMain] c.a.d.SpringbootEssentialsApplication [StartupInfoLogger.java:53] Running with Spring Boot v2.0.0.BUILD-SNAPSHOT, Spring v5.0.4.RELEASE
2022-09-20 15:44:25,741 INFO [restartedMain] c.a.d.SpringbootEssentialsApplication [SpringApplication.java:652] No active profile set, falling back to default profiles: default
2022-09-20 15:44:25,755 INFO [restartedMain] o.s.b.w.s.c.AnnotationConfigServletWebServerApplicationContext [AbstractApplicationContext.java:589] Refreshing org.springframework.boot.web.servlet.context.AnnotationConfigServletWebServerApplicationContext@3465a3e3: startup date [Tue Sep 20 15:44:25 IST 2022]; root of context hierarchy
2022-09-20 15:44:28,548 INFO [restartedMain] o.s.b.w.e.t.TomcatWebServer [TomcatWebServer.java:91] Tomcat initialized with port(s): 8080 (http)
2022-09-20 15:44:28,561 INFO [restartedMain] o.a.c.h.Http11NioProtocol [DirectJDKLog.java:180] Initializing ProtocolHandler ["http-nio-8080"]
2022-09-20 15:44:28,563 INFO [restartedMain] o.a.c.c.StandardService [DirectJDKLog.java:180] Starting service [Tomcat]
2022-09-20 15:44:28,564 INFO [restartedMain] o.a.c.c.StandardEngine [DirectJDKLog.java:180] Starting Servlet Engine: Apache Tomcat/8.5.28
2022-09-20 15:44:28,689 INFO [localhost-startStop-1] o.a.c.c.C.[.[.[/] [DirectJDKLog.java:180] Initializing Spring embedded WebApplicationContext
2022-09-20 15:44:28,696 INFO [localhost-startStop-1] o.s.w.c.ContextLoader [ServletWebServerApplicationContext.java:285] Root WebApplicationContext: initialization completed in 2941 ms
2022-09-20 15:44:28,781 INFO [localhost-startStop-1] o.s.b.w.s.ServletRegistrationBean [ServletRegistrationBean.java:185] Servlet dispatcherServlet mapped to [/]
2022-09-20 15:44:28,782 INFO [localhost-startStop-1] o.s.b.w.s.FilterRegistrationBean [AbstractFilterRegistrationBean.java:243] Mapping filter: 'characterEncodingFilter' to: [/*]
2022-09-20 15:44:28,783 INFO [localhost-startStop-1] o.s.b.w.s.FilterRegistrationBean [AbstractFilterRegistrationBean.java:243] Mapping filter: 'hiddenHttpMethodFilter' to: [/*]
2022-09-20 15:44:28,784 INFO [localhost-startStop-1] o.s.b.w.s.FilterRegistrationBean [AbstractFilterRegistrationBean.java:243] Mapping filter: 'httpPutFormContentFilter' to: [/*]
2022-09-20 15:44:28,784 INFO [localhost-startStop-1] o.s.b.w.s.FilterRegistrationBean [AbstractFilterRegistrationBean.java:243] Mapping filter: 'requestContextFilter' to: [/*]
2022-09-20 15:44:29,201 INFO [restartedMain] o.s.w.s.m.m.a.RequestMappingHandlerAdapter [RequestMappingHandlerAdapter.java:567] Looking for @ControllerAdvice: org.springframework.boot.web.servlet.context.AnnotationConfigServletWebServerApplicationContext@3465a3e3: startup date [Tue Sep 20 15:44:25 IST 2022]; root of context hierarchy
2022-09-20 15:44:29,427 INFO [restartedMain] o.s.w.s.m.m.a.RequestMappingHandlerMapping [AbstractHandlerMethodMapping.java:548] Mapped "{[/]}" onto public java.lang.String com.apress.demo.HomeController.home(org.springframework.ui.Model)
2022-09-20 15:44:29,460 INFO [restartedMain] o.s.w.s.m.m.a.RequestMappingHandlerMapping [AbstractHandlerMethodMapping.java:548] Mapped "{[/error]}" onto public org.springframework.http.ResponseEntity<java.util.Map<java.lang.String, java.lang.Object>> org.springframework.boot.autoconfigure.web.servlet.error.BasicErrorController.error(javax.servlet.http.HttpServletRequest)
2022-09-20 15:44:29,462 INFO [restartedMain] o.s.w.s.m.m.a.RequestMappingHandlerMapping [AbstractHandlerMethodMapping.java:548] Mapped "{[/error],produces=[text/html]}" onto public org.springframework.web.servlet.ModelAndView org.springframework.boot.autoconfigure.web.servlet.error.BasicErrorController.errorHtml(javax.servlet.http.HttpServletRequest,javax.servlet.http.HttpServletResponse)
2022-09-20 15:44:29,681 INFO [restartedMain] o.s.w.s.h.SimpleUrlHandlerMapping [AbstractUrlHandlerMapping.java:373] Mapped URL path [/webjars/**] onto handler of type [class org.springframework.web.servlet.resource.ResourceHttpRequestHandler]
2022-09-20 15:44:29,683 INFO [restartedMain] o.s.w.s.h.SimpleUrlHandlerMapping [AbstractUrlHandlerMapping.java:373] Mapped URL path [/**] onto handler of type [class org.springframework.web.servlet.resource.ResourceHttpRequestHandler]
2022-09-20 15:44:29,778 INFO [restartedMain] o.s.w.s.h.SimpleUrlHandlerMapping [AbstractUrlHandlerMapping.java:373] Mapped URL path [/**/favicon.ico] onto handler of type [class org.springframework.web.servlet.resource.ResourceHttpRequestHandler]
2022-09-20 15:44:29,879 INFO [restartedMain] o.s.b.a.w.s.WelcomePageHandlerMapping [WelcomePageHandlerMapping.java:56] Adding welcome page: class path resource [public/index.html]
2022-09-20 15:44:30,081 INFO [restartedMain] o.s.b.d.a.OptionalLiveReloadServer [OptionalLiveReloadServer.java:57] LiveReload server is running on port 35729
2022-09-20 15:44:30,295 INFO [restartedMain] o.s.j.e.a.AnnotationMBeanExporter [MBeanExporter.java:434] Registering beans for JMX exposure on startup
2022-09-20 15:44:30,437 INFO [restartedMain] o.a.c.h.Http11NioProtocol [DirectJDKLog.java:180] Starting ProtocolHandler ["http-nio-8080"]
2022-09-20 15:44:30,442 INFO [restartedMain] o.a.t.u.n.NioSelectorPool [DirectJDKLog.java:180] Using a shared selector for servlet write/read
2022-09-20 15:44:30,481 INFO [restartedMain] o.s.b.w.e.t.TomcatWebServer [TomcatWebServer.java:205] Tomcat started on port(s): 8080 (http) with context path ''
2022-09-20 15:44:30,483 INFO [restartedMain] c.a.d.SpringbootEssentialsApplication [StartupInfoLogger.java:59] Started SpringbootEssentialsApplication in 4.929 seconds (JVM running for 661.215)
2022-09-20 15:44:30,525 INFO [restartedMain] o.s.b.d.a.ConditionEvaluationDeltaLoggingListener [ConditionEvaluationDeltaLoggingListener.java:56] Condition evaluation unchanged
2022-11-01 11:38:05,231 INFO [restartedMain] c.a.d.SpringbootEssentialsApplication [StartupInfoLogger.java:50] Starting SpringbootEssentialsApplication on LTIN279850 with PID 36808 (C:\Vignesh\Downloads\beg-spring-boot-2-master\chapter-04\springboot-essentials\target\classes started by 119780 in C:\Vignesh\Downloads\beg-spring-boot-2-master\chapter-04\springboot-essentials)
2022-11-01 11:38:05,256 DEBUG [restartedMain] c.a.d.SpringbootEssentialsApplication [StartupInfoLogger.java:53] Running with Spring Boot v2.0.0.BUILD-SNAPSHOT, Spring v5.0.4.RELEASE
2022-11-01 11:38:05,266 INFO [restartedMain] c.a.d.SpringbootEssentialsApplication [SpringApplication.java:652] No active profile set, falling back to default profiles: default
2022-11-01 11:38:05,511 INFO [restartedMain] o.s.b.w.s.c.AnnotationConfigServletWebServerApplicationContext [AbstractApplicationContext.java:589] Refreshing org.springframework.boot.web.servlet.context.AnnotationConfigServletWebServerApplicationContext@307715c7: startup date [Tue Nov 01 11:38:05 IST 2022]; root of context hierarchy
2022-11-01 11:38:12,250 INFO [restartedMain] o.s.b.w.e.t.TomcatWebServer [TomcatWebServer.java:91] Tomcat initialized with port(s): 8080 (http)
2022-11-01 11:38:12,317 INFO [restartedMain] o.a.c.h.Http11NioProtocol [DirectJDKLog.java:180] Initializing ProtocolHandler ["http-nio-8080"]
2022-11-01 11:38:12,353 INFO [restartedMain] o.a.c.c.StandardService [DirectJDKLog.java:180] Starting service [Tomcat]
2022-11-01 11:38:12,354 INFO [restartedMain] o.a.c.c.StandardEngine [DirectJDKLog.java:180] Starting Servlet Engine: Apache Tomcat/8.5.28
2022-11-01 11:38:12,382 INFO [localhost-startStop-1] o.a.c.c.AprLifecycleListener [DirectJDKLog.java:180] The APR based Apache Tomcat Native library which allows optimal performance in production environments was not found on the java.library.path: [C:\Program Files\Java\jdk-11.0.10\bin;C:\WINDOWS\Sun\Java\bin;C:\WINDOWS\system32;C:\WINDOWS;C:/Vignesh/Academy/Software/eclipse-2022-06//plugins/org.eclipse.justj.openjdk.hotspot.jre.full.win32.x86_64_17.0.3.v20220515-1416/jre/bin/server;C:/Vignesh/Academy/Software/eclipse-2022-06//plugins/org.eclipse.justj.openjdk.hotspot.jre.full.win32.x86_64_17.0.3.v20220515-1416/jre/bin;C:\Program Files\Zulu\zulu-17\bin\;C:\Program Files\Java\jdk1.8.0_92\bin;C:\Program Files\Common Files\Oracle\Java\javapath;C:\WINDOWS\system32;C:\WINDOWS;C:\WINDOWS\System32\Wbem;C:\WINDOWS\System32\WindowsPowerShell\v1.0\;C:\WINDOWS\System32\OpenSSH\;C:\Program Files\nodejs\;C:\Program Files\7-Zip;C:\Program Files\Amazon\AWSCLIV2\;C:\Program Files\Git\cmd;C:\Program Files\Docker\Docker\resources\bin;C:\ProgramData\DockerDesktop\version-bin;C:\Program Files\Amazon\AWSSAMCLI\bin\;C:\Vignesh\Academy\Software\apache-maven-3.6.3\bin;C:\Users\119780\AppData\Local\Programs\Python\Python39\Scripts\;C:\Users\119780\AppData\Local\Programs\Python\Python39\;C:\Users\119780\AppData\Local\Microsoft\WindowsApps;C:\Users\119780\AppData\Roaming\npm;C:\Program Files\Java\jdk1.8.0_92\bin;;C:\Vignesh\Academy\Software\eclipse-2022-06;;.]
2022-11-01 11:38:12,721 INFO [localhost-startStop-1] o.a.c.c.C.[.[.[/] [DirectJDKLog.java:180] Initializing Spring embedded WebApplicationContext
2022-11-01 11:38:12,722 INFO [localhost-startStop-1] o.s.w.c.ContextLoader [ServletWebServerApplicationContext.java:285] Root WebApplicationContext: initialization completed in 7211 ms
2022-11-01 11:38:13,281 INFO [localhost-startStop-1] o.s.b.w.s.ServletRegistrationBean [ServletRegistrationBean.java:185] Servlet dispatcherServlet mapped to [/]
2022-11-01 11:38:13,296 INFO [localhost-startStop-1] o.s.b.w.s.FilterRegistrationBean [AbstractFilterRegistrationBean.java:243] Mapping filter: 'characterEncodingFilter' to: [/*]
2022-11-01 11:38:13,297 INFO [localhost-startStop-1] o.s.b.w.s.FilterRegistrationBean [AbstractFilterRegistrationBean.java:243] Mapping filter: 'hiddenHttpMethodFilter' to: [/*]
2022-11-01 11:38:13,299 INFO [localhost-startStop-1] o.s.b.w.s.FilterRegistrationBean [AbstractFilterRegistrationBean.java:243] Mapping filter: 'httpPutFormContentFilter' to: [/*]
2022-11-01 11:38:13,300 INFO [localhost-startStop-1] o.s.b.w.s.FilterRegistrationBean [AbstractFilterRegistrationBean.java:243] Mapping filter: 'requestContextFilter' to: [/*]
2022-11-01 11:38:14,827 INFO [restartedMain] o.s.w.s.m.m.a.RequestMappingHandlerAdapter [RequestMappingHandlerAdapter.java:567] Looking for @ControllerAdvice: org.springframework.boot.web.servlet.context.AnnotationConfigServletWebServerApplicationContext@307715c7: startup date [Tue Nov 01 11:38:05 IST 2022]; root of context hierarchy
2022-11-01 11:38:15,081 INFO [restartedMain] o.s.w.s.m.m.a.RequestMappingHandlerMapping [AbstractHandlerMethodMapping.java:548] Mapped "{[/]}" onto public java.lang.String com.apress.demo.HomeController.home(org.springframework.ui.Model)
2022-11-01 11:38:15,137 INFO [restartedMain] o.s.w.s.m.m.a.RequestMappingHandlerMapping [AbstractHandlerMethodMapping.java:548] Mapped "{[/error]}" onto public org.springframework.http.ResponseEntity<java.util.Map<java.lang.String, java.lang.Object>> org.springframework.boot.autoconfigure.web.servlet.error.BasicErrorController.error(javax.servlet.http.HttpServletRequest)
2022-11-01 11:38:15,140 INFO [restartedMain] o.s.w.s.m.m.a.RequestMappingHandlerMapping [AbstractHandlerMethodMapping.java:548] Mapped "{[/error],produces=[text/html]}" onto public org.springframework.web.servlet.ModelAndView org.springframework.boot.autoconfigure.web.servlet.error.BasicErrorController.errorHtml(javax.servlet.http.HttpServletRequest,javax.servlet.http.HttpServletResponse)
2022-11-01 11:38:15,250 INFO [restartedMain] o.s.w.s.h.SimpleUrlHandlerMapping [AbstractUrlHandlerMapping.java:373] Mapped URL path [/webjars/**] onto handler of type [class org.springframework.web.servlet.resource.ResourceHttpRequestHandler]
2022-11-01 11:38:15,250 INFO [restartedMain] o.s.w.s.h.SimpleUrlHandlerMapping [AbstractUrlHandlerMapping.java:373] Mapped URL path [/**] onto handler of type [class org.springframework.web.servlet.resource.ResourceHttpRequestHandler]
2022-11-01 11:38:15,406 INFO [restartedMain] o.s.w.s.h.SimpleUrlHandlerMapping [AbstractUrlHandlerMapping.java:373] Mapped URL path [/**/favicon.ico] onto handler of type [class org.springframework.web.servlet.resource.ResourceHttpRequestHandler]
2022-11-01 11:38:15,486 INFO [restartedMain] o.s.b.a.w.s.WelcomePageHandlerMapping [WelcomePageHandlerMapping.java:56] Adding welcome page: class path resource [public/index.html]
2022-11-01 11:38:16,104 INFO [restartedMain] o.s.b.d.a.OptionalLiveReloadServer [OptionalLiveReloadServer.java:57] LiveReload server is running on port 35729
2022-11-01 11:38:16,339 INFO [restartedMain] o.s.j.e.a.AnnotationMBeanExporter [MBeanExporter.java:434] Registering beans for JMX exposure on startup
2022-11-01 11:38:16,406 INFO [restartedMain] o.a.c.h.Http11NioProtocol [DirectJDKLog.java:180] Starting ProtocolHandler ["http-nio-8080"]
2022-11-01 11:38:16,543 INFO [restartedMain] o.a.t.u.n.NioSelectorPool [DirectJDKLog.java:180] Using a shared selector for servlet write/read
2022-11-01 11:38:16,766 INFO [restartedMain] o.s.b.w.e.t.TomcatWebServer [TomcatWebServer.java:205] Tomcat started on port(s): 8080 (http) with context path ''
2022-11-01 11:38:16,785 INFO [restartedMain] c.a.d.SpringbootEssentialsApplication [StartupInfoLogger.java:59] Started SpringbootEssentialsApplication in 13.172 seconds (JVM running for 15.387)
2022-11-01 11:39:55,415 INFO [restartedMain] c.a.d.SpringbootEssentialsApplication [StartupInfoLogger.java:50] Starting SpringbootEssentialsApplication on LTIN279850 with PID 33800 (C:\Vignesh\Downloads\beg-spring-boot-2-master\chapter-04\springboot-essentials\target\classes started by 119780 in C:\Vignesh\Downloads\beg-spring-boot-2-master\chapter-04\springboot-essentials)
2022-11-01 11:39:55,430 DEBUG [restartedMain] c.a.d.SpringbootEssentialsApplication [StartupInfoLogger.java:53] Running with Spring Boot v2.0.0.BUILD-SNAPSHOT, Spring v5.0.4.RELEASE
2022-11-01 11:39:55,437 INFO [restartedMain] c.a.d.SpringbootEssentialsApplication [SpringApplication.java:656] The following profiles are active: prod
2022-11-01 11:39:55,654 INFO [restartedMain] o.s.b.w.s.c.AnnotationConfigServletWebServerApplicationContext [AbstractApplicationContext.java:589] Refreshing org.springframework.boot.web.servlet.context.AnnotationConfigServletWebServerApplicationContext@748affd8: startup date [Tue Nov 01 11:39:55 IST 2022]; root of context hierarchy
2022-11-01 11:40:02,167 INFO [restartedMain] o.s.b.w.e.t.TomcatWebServer [TomcatWebServer.java:91] Tomcat initialized with port(s): 8080 (http)
2022-11-01 11:40:02,252 INFO [restartedMain] o.a.c.h.Http11NioProtocol [DirectJDKLog.java:180] Initializing ProtocolHandler ["http-nio-8080"]
2022-11-01 11:40:02,301 INFO [restartedMain] o.a.c.c.StandardService [DirectJDKLog.java:180] Starting service [Tomcat]
2022-11-01 11:40:02,302 INFO [restartedMain] o.a.c.c.StandardEngine [DirectJDKLog.java:180] Starting Servlet Engine: Apache Tomcat/8.5.28
2022-11-01 11:40:02,349 INFO [localhost-startStop-1] o.a.c.c.AprLifecycleListener [DirectJDKLog.java:180] The APR based Apache Tomcat Native library which allows optimal performance in production environments was not found on the java.library.path: [C:\Program Files\Java\jdk-11.0.10\bin;C:\WINDOWS\Sun\Java\bin;C:\WINDOWS\system32;C:\WINDOWS;C:/Vignesh/Academy/Software/eclipse-2022-06//plugins/org.eclipse.justj.openjdk.hotspot.jre.full.win32.x86_64_17.0.3.v20220515-1416/jre/bin/server;C:/Vignesh/Academy/Software/eclipse-2022-06//plugins/org.eclipse.justj.openjdk.hotspot.jre.full.win32.x86_64_17.0.3.v20220515-1416/jre/bin;C:\Program Files\Zulu\zulu-17\bin\;C:\Program Files\Java\jdk1.8.0_92\bin;C:\Program Files\Common Files\Oracle\Java\javapath;C:\WINDOWS\system32;C:\WINDOWS;C:\WINDOWS\System32\Wbem;C:\WINDOWS\System32\WindowsPowerShell\v1.0\;C:\WINDOWS\System32\OpenSSH\;C:\Program Files\nodejs\;C:\Program Files\7-Zip;C:\Program Files\Amazon\AWSCLIV2\;C:\Program Files\Git\cmd;C:\Program Files\Docker\Docker\resources\bin;C:\ProgramData\DockerDesktop\version-bin;C:\Program Files\Amazon\AWSSAMCLI\bin\;C:\Vignesh\Academy\Software\apache-maven-3.6.3\bin;C:\Users\119780\AppData\Local\Programs\Python\Python39\Scripts\;C:\Users\119780\AppData\Local\Programs\Python\Python39\;C:\Users\119780\AppData\Local\Microsoft\WindowsApps;C:\Users\119780\AppData\Roaming\npm;C:\Program Files\Java\jdk1.8.0_92\bin;;C:\Vignesh\Academy\Software\eclipse-2022-06;;.]
2022-11-01 11:40:02,754 INFO [localhost-startStop-1] o.a.c.c.C.[.[.[/] [DirectJDKLog.java:180] Initializing Spring embedded WebApplicationContext
2022-11-01 11:40:02,755 INFO [localhost-startStop-1] o.s.w.c.ContextLoader [ServletWebServerApplicationContext.java:285] Root WebApplicationContext: initialization completed in 7101 ms
2022-11-01 11:40:03,274 INFO [localhost-startStop-1] o.s.b.w.s.ServletRegistrationBean [ServletRegistrationBean.java:185] Servlet dispatcherServlet mapped to [/]
2022-11-01 11:40:03,286 INFO [localhost-startStop-1] o.s.b.w.s.FilterRegistrationBean [AbstractFilterRegistrationBean.java:243] Mapping filter: 'characterEncodingFilter' to: [/*]
2022-11-01 11:40:03,288 INFO [localhost-startStop-1] o.s.b.w.s.FilterRegistrationBean [AbstractFilterRegistrationBean.java:243] Mapping filter: 'hiddenHttpMethodFilter' to: [/*]
2022-11-01 11:40:03,288 INFO [localhost-startStop-1] o.s.b.w.s.FilterRegistrationBean [AbstractFilterRegistrationBean.java:243] Mapping filter: 'httpPutFormContentFilter' to: [/*]
2022-11-01 11:40:03,289 INFO [localhost-startStop-1] o.s.b.w.s.FilterRegistrationBean [AbstractFilterRegistrationBean.java:243] Mapping filter: 'requestContextFilter' to: [/*]
2022-11-01 11:40:04,614 INFO [restartedMain] o.s.w.s.m.m.a.RequestMappingHandlerAdapter [RequestMappingHandlerAdapter.java:567] Looking for @ControllerAdvice: org.springframework.boot.web.servlet.context.AnnotationConfigServletWebServerApplicationContext@748affd8: startup date [Tue Nov 01 11:39:55 IST 2022]; root of context hierarchy
2022-11-01 11:40:04,969 INFO [restartedMain] o.s.w.s.m.m.a.RequestMappingHandlerMapping [AbstractHandlerMethodMapping.java:548] Mapped "{[/]}" onto public java.lang.String com.apress.demo.HomeController.home(org.springframework.ui.Model)
2022-11-01 11:40:04,998 INFO [restartedMain] o.s.w.s.m.m.a.RequestMappingHandlerMapping [AbstractHandlerMethodMapping.java:548] Mapped "{[/error]}" onto public org.springframework.http.ResponseEntity<java.util.Map<java.lang.String, java.lang.Object>> org.springframework.boot.autoconfigure.web.servlet.error.BasicErrorController.error(javax.servlet.http.HttpServletRequest)
2022-11-01 11:40:05,002 INFO [restartedMain] o.s.w.s.m.m.a.RequestMappingHandlerMapping [AbstractHandlerMethodMapping.java:548] Mapped "{[/error],produces=[text/html]}" onto public org.springframework.web.servlet.ModelAndView org.springframework.boot.autoconfigure.web.servlet.error.BasicErrorController.errorHtml(javax.servlet.http.HttpServletRequest,javax.servlet.http.HttpServletResponse)
2022-11-01 11:40:05,170 INFO [restartedMain] o.s.w.s.h.SimpleUrlHandlerMapping [AbstractUrlHandlerMapping.java:373] Mapped URL path [/webjars/**] onto handler of type [class org.springframework.web.servlet.resource.ResourceHttpRequestHandler]
2022-11-01 11:40:05,171 INFO [restartedMain] o.s.w.s.h.SimpleUrlHandlerMapping [AbstractUrlHandlerMapping.java:373] Mapped URL path [/**] onto handler of type [class org.springframework.web.servlet.resource.ResourceHttpRequestHandler]
2022-11-01 11:40:05,321 INFO [restartedMain] o.s.w.s.h.SimpleUrlHandlerMapping [AbstractUrlHandlerMapping.java:373] Mapped URL path [/**/favicon.ico] onto handler of type [class org.springframework.web.servlet.resource.ResourceHttpRequestHandler]
2022-11-01 11:40:05,438 INFO [restartedMain] o.s.b.a.w.s.WelcomePageHandlerMapping [WelcomePageHandlerMapping.java:56] Adding welcome page: class path resource [public/index.html]
2022-11-01 11:40:06,018 WARN [restartedMain] o.s.b.d.a.OptionalLiveReloadServer [OptionalLiveReloadServer.java:61] Unable to start LiveReload server
2022-11-01 11:40:06,258 INFO [restartedMain] o.s.j.e.a.AnnotationMBeanExporter [MBeanExporter.java:434] Registering beans for JMX exposure on startup
2022-11-01 11:40:06,314 INFO [restartedMain] o.a.c.h.Http11NioProtocol [DirectJDKLog.java:180] Starting ProtocolHandler ["http-nio-8080"]
2022-11-01 11:40:06,341 ERROR [restartedMain] o.a.c.c.StandardService [DirectJDKLog.java:182] Failed to start connector [Connector[HTTP/1.1-8080]]
org.apache.catalina.LifecycleException: Failed to start component [Connector[HTTP/1.1-8080]]
	at org.apache.catalina.util.LifecycleBase.start(LifecycleBase.java:167)
	at org.apache.catalina.core.StandardService.addConnector(StandardService.java:225)
	at org.springframework.boot.web.embedded.tomcat.TomcatWebServer.addPreviouslyRemovedConnectors(TomcatWebServer.java:255)
	at org.springframework.boot.web.embedded.tomcat.TomcatWebServer.start(TomcatWebServer.java:197)
	at org.springframework.boot.web.servlet.context.ServletWebServerApplicationContext.startWebServer(ServletWebServerApplicationContext.java:300)
	at org.springframework.boot.web.servlet.context.ServletWebServerApplicationContext.finishRefresh(ServletWebServerApplicationContext.java:162)
	at org.springframework.context.support.AbstractApplicationContext.refresh(AbstractApplicationContext.java:552)
	at org.springframework.boot.web.servlet.context.ServletWebServerApplicationContext.refresh(ServletWebServerApplicationContext.java:140)
	at org.springframework.boot.SpringApplication.refresh(SpringApplication.java:752)
	at org.springframework.boot.SpringApplication.refreshContext(SpringApplication.java:388)
	at org.springframework.boot.SpringApplication.run(SpringApplication.java:327)
	at org.springframework.boot.SpringApplication.run(SpringApplication.java:1246)
	at org.springframework.boot.SpringApplication.run(SpringApplication.java:1234)
	at com.apress.demo.SpringbootEssentialsApplication.main(SpringbootEssentialsApplication.java:21)
	at java.base/jdk.internal.reflect.NativeMethodAccessorImpl.invoke0(Native Method)
	at java.base/jdk.internal.reflect.NativeMethodAccessorImpl.invoke(NativeMethodAccessorImpl.java:62)
	at java.base/jdk.internal.reflect.DelegatingMethodAccessorImpl.invoke(DelegatingMethodAccessorImpl.java:43)
	at java.base/java.lang.reflect.Method.invoke(Method.java:566)
	at org.springframework.boot.devtools.restart.RestartLauncher.run(RestartLauncher.java:49)
Caused by: org.apache.catalina.LifecycleException: Protocol handler start failed
	at org.apache.catalina.connector.Connector.startInternal(Connector.java:1021)
	at org.apache.catalina.util.LifecycleBase.start(LifecycleBase.java:150)
	... 18 common frames omitted
Caused by: java.net.BindException: Address already in use: bind
	at java.base/sun.nio.ch.Net.bind0(Native Method)
	at java.base/sun.nio.ch.Net.bind(Net.java:455)
	at java.base/sun.nio.ch.Net.bind(Net.java:447)
	at java.base/sun.nio.ch.ServerSocketChannelImpl.bind(ServerSocketChannelImpl.java:227)
	at java.base/sun.nio.ch.ServerSocketAdaptor.bind(ServerSocketAdaptor.java:80)
	at org.apache.tomcat.util.net.NioEndpoint.bind(NioEndpoint.java:210)
	at org.apache.tomcat.util.net.AbstractEndpoint.start(AbstractEndpoint.java:1150)
	at org.apache.coyote.AbstractProtocol.start(AbstractProtocol.java:591)
	at org.apache.catalina.connector.Connector.startInternal(Connector.java:1018)
	... 19 common frames omitted
2022-11-01 11:40:06,354 INFO [restartedMain] o.a.c.h.Http11NioProtocol [DirectJDKLog.java:180] Pausing ProtocolHandler ["http-nio-8080"]
2022-11-01 11:40:06,354 INFO [restartedMain] o.a.c.c.StandardService [DirectJDKLog.java:180] Stopping service [Tomcat]
2022-11-01 11:40:06,393 INFO [restartedMain] o.a.c.u.LifecycleBase [DirectJDKLog.java:180] The stop() method was called on component [StandardServer[-1]] after stop() had already been called. The second call will be ignored.
2022-11-01 11:40:06,396 INFO [restartedMain] o.a.c.h.Http11NioProtocol [DirectJDKLog.java:180] Stopping ProtocolHandler ["http-nio-8080"]
2022-11-01 11:40:06,397 INFO [restartedMain] o.a.c.h.Http11NioProtocol [DirectJDKLog.java:180] Destroying ProtocolHandler ["http-nio-8080"]
2022-11-01 11:40:06,415 INFO [restartedMain] o.s.b.a.l.ConditionEvaluationReportLoggingListener [ConditionEvaluationReportLoggingListener.java:101] 

Error starting ApplicationContext. To display the conditions report re-run your application with 'debug' enabled.
2022-11-01 11:40:06,423 ERROR [restartedMain] o.s.b.d.LoggingFailureAnalysisReporter [LoggingFailureAnalysisReporter.java:42] 

***************************
APPLICATION FAILED TO START
***************************

Description:

The Tomcat connector configured to listen on port 8080 failed to start. The port may already be in use or the connector may be misconfigured.

Action:

Verify the connector's configuration, identify and stop any process that's listening on port 8080, or configure this application to listen on another port.

2022-11-01 11:40:06,431 INFO [restartedMain] o.s.b.w.s.c.AnnotationConfigServletWebServerApplicationContext [AbstractApplicationContext.java:989] Closing org.springframework.boot.web.servlet.context.AnnotationConfigServletWebServerApplicationContext@748affd8: startup date [Tue Nov 01 11:39:55 IST 2022]; root of context hierarchy
2022-11-01 11:40:06,447 INFO [restartedMain] o.s.j.e.a.AnnotationMBeanExporter [MBeanExporter.java:452] Unregistering JMX-exposed beans on shutdown
2022-11-01 11:42:02,350 INFO [restartedMain] c.a.d.SpringbootEssentialsApplication [StartupInfoLogger.java:50] Starting SpringbootEssentialsApplication on LTIN279850 with PID 39196 (C:\Vignesh\Downloads\beg-spring-boot-2-master\chapter-04\springboot-essentials\target\classes started by 119780 in C:\Vignesh\Downloads\beg-spring-boot-2-master\chapter-04\springboot-essentials)
2022-11-01 11:42:02,363 DEBUG [restartedMain] c.a.d.SpringbootEssentialsApplication [StartupInfoLogger.java:53] Running with Spring Boot v2.0.0.BUILD-SNAPSHOT, Spring v5.0.4.RELEASE
2022-11-01 11:42:02,367 INFO [restartedMain] c.a.d.SpringbootEssentialsApplication [SpringApplication.java:656] The following profiles are active: prod
2022-11-01 11:42:02,495 INFO [restartedMain] o.s.b.w.s.c.AnnotationConfigServletWebServerApplicationContext [AbstractApplicationContext.java:589] Refreshing org.springframework.boot.web.servlet.context.AnnotationConfigServletWebServerApplicationContext@3f566296: startup date [Tue Nov 01 11:42:02 IST 2022]; root of context hierarchy
2022-11-01 11:42:07,661 INFO [restartedMain] o.s.b.w.e.t.TomcatWebServer [TomcatWebServer.java:91] Tomcat initialized with port(s): 8090 (http)
2022-11-01 11:42:07,707 INFO [restartedMain] o.a.c.h.Http11NioProtocol [DirectJDKLog.java:180] Initializing ProtocolHandler ["http-nio-8090"]
2022-11-01 11:42:07,738 INFO [restartedMain] o.a.c.c.StandardService [DirectJDKLog.java:180] Starting service [Tomcat]
2022-11-01 11:42:07,739 INFO [restartedMain] o.a.c.c.StandardEngine [DirectJDKLog.java:180] Starting Servlet Engine: Apache Tomcat/8.5.28
2022-11-01 11:42:07,777 INFO [localhost-startStop-1] o.a.c.c.AprLifecycleListener [DirectJDKLog.java:180] The APR based Apache Tomcat Native library which allows optimal performance in production environments was not found on the java.library.path: [C:\Program Files\Java\jdk-11.0.10\bin;C:\WINDOWS\Sun\Java\bin;C:\WINDOWS\system32;C:\WINDOWS;C:/Vignesh/Academy/Software/eclipse-2022-06//plugins/org.eclipse.justj.openjdk.hotspot.jre.full.win32.x86_64_17.0.3.v20220515-1416/jre/bin/server;C:/Vignesh/Academy/Software/eclipse-2022-06//plugins/org.eclipse.justj.openjdk.hotspot.jre.full.win32.x86_64_17.0.3.v20220515-1416/jre/bin;C:\Program Files\Zulu\zulu-17\bin\;C:\Program Files\Java\jdk1.8.0_92\bin;C:\Program Files\Common Files\Oracle\Java\javapath;C:\WINDOWS\system32;C:\WINDOWS;C:\WINDOWS\System32\Wbem;C:\WINDOWS\System32\WindowsPowerShell\v1.0\;C:\WINDOWS\System32\OpenSSH\;C:\Program Files\nodejs\;C:\Program Files\7-Zip;C:\Program Files\Amazon\AWSCLIV2\;C:\Program Files\Git\cmd;C:\Program Files\Docker\Docker\resources\bin;C:\ProgramData\DockerDesktop\version-bin;C:\Program Files\Amazon\AWSSAMCLI\bin\;C:\Vignesh\Academy\Software\apache-maven-3.6.3\bin;C:\Users\119780\AppData\Local\Programs\Python\Python39\Scripts\;C:\Users\119780\AppData\Local\Programs\Python\Python39\;C:\Users\119780\AppData\Local\Microsoft\WindowsApps;C:\Users\119780\AppData\Roaming\npm;C:\Program Files\Java\jdk1.8.0_92\bin;;C:\Vignesh\Academy\Software\eclipse-2022-06;;.]
2022-11-01 11:42:08,235 INFO [localhost-startStop-1] o.a.c.c.C.[.[.[/] [DirectJDKLog.java:180] Initializing Spring embedded WebApplicationContext
2022-11-01 11:42:08,237 INFO [localhost-startStop-1] o.s.w.c.ContextLoader [ServletWebServerApplicationContext.java:285] Root WebApplicationContext: initialization completed in 5742 ms
2022-11-01 11:42:08,706 INFO [localhost-startStop-1] o.s.b.w.s.ServletRegistrationBean [ServletRegistrationBean.java:185] Servlet dispatcherServlet mapped to [/]
2022-11-01 11:42:08,721 INFO [localhost-startStop-1] o.s.b.w.s.FilterRegistrationBean [AbstractFilterRegistrationBean.java:243] Mapping filter: 'characterEncodingFilter' to: [/*]
2022-11-01 11:42:08,724 INFO [localhost-startStop-1] o.s.b.w.s.FilterRegistrationBean [AbstractFilterRegistrationBean.java:243] Mapping filter: 'hiddenHttpMethodFilter' to: [/*]
2022-11-01 11:42:08,726 INFO [localhost-startStop-1] o.s.b.w.s.FilterRegistrationBean [AbstractFilterRegistrationBean.java:243] Mapping filter: 'httpPutFormContentFilter' to: [/*]
2022-11-01 11:42:08,727 INFO [localhost-startStop-1] o.s.b.w.s.FilterRegistrationBean [AbstractFilterRegistrationBean.java:243] Mapping filter: 'requestContextFilter' to: [/*]
2022-11-01 11:42:09,613 INFO [restartedMain] o.s.w.s.m.m.a.RequestMappingHandlerAdapter [RequestMappingHandlerAdapter.java:567] Looking for @ControllerAdvice: org.springframework.boot.web.servlet.context.AnnotationConfigServletWebServerApplicationContext@3f566296: startup date [Tue Nov 01 11:42:02 IST 2022]; root of context hierarchy
2022-11-01 11:42:09,853 INFO [restartedMain] o.s.w.s.m.m.a.RequestMappingHandlerMapping [AbstractHandlerMethodMapping.java:548] Mapped "{[/]}" onto public java.lang.String com.apress.demo.HomeController.home(org.springframework.ui.Model)
2022-11-01 11:42:09,875 INFO [restartedMain] o.s.w.s.m.m.a.RequestMappingHandlerMapping [AbstractHandlerMethodMapping.java:548] Mapped "{[/error]}" onto public org.springframework.http.ResponseEntity<java.util.Map<java.lang.String, java.lang.Object>> org.springframework.boot.autoconfigure.web.servlet.error.BasicErrorController.error(javax.servlet.http.HttpServletRequest)
2022-11-01 11:42:09,878 INFO [restartedMain] o.s.w.s.m.m.a.RequestMappingHandlerMapping [AbstractHandlerMethodMapping.java:548] Mapped "{[/error],produces=[text/html]}" onto public org.springframework.web.servlet.ModelAndView org.springframework.boot.autoconfigure.web.servlet.error.BasicErrorController.errorHtml(javax.servlet.http.HttpServletRequest,javax.servlet.http.HttpServletResponse)
2022-11-01 11:42:10,010 INFO [restartedMain] o.s.w.s.h.SimpleUrlHandlerMapping [AbstractUrlHandlerMapping.java:373] Mapped URL path [/webjars/**] onto handler of type [class org.springframework.web.servlet.resource.ResourceHttpRequestHandler]
2022-11-01 11:42:10,011 INFO [restartedMain] o.s.w.s.h.SimpleUrlHandlerMapping [AbstractUrlHandlerMapping.java:373] Mapped URL path [/**] onto handler of type [class org.springframework.web.servlet.resource.ResourceHttpRequestHandler]
2022-11-01 11:42:10,135 INFO [restartedMain] o.s.w.s.h.SimpleUrlHandlerMapping [AbstractUrlHandlerMapping.java:373] Mapped URL path [/**/favicon.ico] onto handler of type [class org.springframework.web.servlet.resource.ResourceHttpRequestHandler]
2022-11-01 11:42:10,237 INFO [restartedMain] o.s.b.a.w.s.WelcomePageHandlerMapping [WelcomePageHandlerMapping.java:56] Adding welcome page: class path resource [public/index.html]
2022-11-01 11:42:10,631 INFO [restartedMain] o.s.b.d.a.OptionalLiveReloadServer [OptionalLiveReloadServer.java:57] LiveReload server is running on port 35729
2022-11-01 11:42:10,857 INFO [restartedMain] o.s.j.e.a.AnnotationMBeanExporter [MBeanExporter.java:434] Registering beans for JMX exposure on startup
2022-11-01 11:42:10,894 INFO [restartedMain] o.a.c.h.Http11NioProtocol [DirectJDKLog.java:180] Starting ProtocolHandler ["http-nio-8090"]
2022-11-01 11:42:10,925 INFO [restartedMain] o.a.t.u.n.NioSelectorPool [DirectJDKLog.java:180] Using a shared selector for servlet write/read
2022-11-01 11:42:11,005 INFO [restartedMain] o.s.b.w.e.t.TomcatWebServer [TomcatWebServer.java:205] Tomcat started on port(s): 8090 (http) with context path ''
2022-11-01 11:42:11,018 INFO [restartedMain] c.a.d.SpringbootEssentialsApplication [StartupInfoLogger.java:59] Started SpringbootEssentialsApplication in 9.69 seconds (JVM running for 11.421)
2022-11-01 11:42:30,715 INFO [http-nio-8090-exec-1] o.a.c.c.C.[.[.[/] [DirectJDKLog.java:180] Initializing Spring FrameworkServlet 'dispatcherServlet'
2022-11-01 11:42:30,715 INFO [http-nio-8090-exec-1] o.s.w.s.DispatcherServlet [FrameworkServlet.java:494] FrameworkServlet 'dispatcherServlet': initialization started
2022-11-01 11:42:30,832 INFO [http-nio-8090-exec-1] o.s.w.s.DispatcherServlet [FrameworkServlet.java:513] FrameworkServlet 'dispatcherServlet': initialization completed in 116 ms
2022-11-01 11:42:53,449 INFO [restartedMain] c.a.d.SpringbootEssentialsApplication [StartupInfoLogger.java:50] Starting SpringbootEssentialsApplication on LTIN279850 with PID 26852 (C:\Vignesh\Downloads\beg-spring-boot-2-master\chapter-04\springboot-essentials\target\classes started by 119780 in C:\Vignesh\Downloads\beg-spring-boot-2-master\chapter-04\springboot-essentials)
2022-11-01 11:42:53,466 DEBUG [restartedMain] c.a.d.SpringbootEssentialsApplication [StartupInfoLogger.java:53] Running with Spring Boot v2.0.0.BUILD-SNAPSHOT, Spring v5.0.4.RELEASE
2022-11-01 11:42:53,471 INFO [restartedMain] c.a.d.SpringbootEssentialsApplication [SpringApplication.java:656] The following profiles are active: prod
2022-11-01 11:42:53,638 INFO [restartedMain] o.s.b.w.s.c.AnnotationConfigServletWebServerApplicationContext [AbstractApplicationContext.java:589] Refreshing org.springframework.boot.web.servlet.context.AnnotationConfigServletWebServerApplicationContext@6a43b95d: startup date [Tue Nov 01 11:42:53 IST 2022]; root of context hierarchy
2022-11-01 11:42:59,360 INFO [restartedMain] o.s.b.w.e.t.TomcatWebServer [TomcatWebServer.java:91] Tomcat initialized with port(s): 8091 (http)
2022-11-01 11:42:59,425 INFO [restartedMain] o.a.c.h.Http11NioProtocol [DirectJDKLog.java:180] Initializing ProtocolHandler ["http-nio-8091"]
2022-11-01 11:42:59,488 INFO [restartedMain] o.a.c.c.StandardService [DirectJDKLog.java:180] Starting service [Tomcat]
2022-11-01 11:42:59,490 INFO [restartedMain] o.a.c.c.StandardEngine [DirectJDKLog.java:180] Starting Servlet Engine: Apache Tomcat/8.5.28
2022-11-01 11:42:59,528 INFO [localhost-startStop-1] o.a.c.c.AprLifecycleListener [DirectJDKLog.java:180] The APR based Apache Tomcat Native library which allows optimal performance in production environments was not found on the java.library.path: [C:\Program Files\Java\jdk-11.0.10\bin;C:\WINDOWS\Sun\Java\bin;C:\WINDOWS\system32;C:\WINDOWS;C:/Vignesh/Academy/Software/eclipse-2022-06//plugins/org.eclipse.justj.openjdk.hotspot.jre.full.win32.x86_64_17.0.3.v20220515-1416/jre/bin/server;C:/Vignesh/Academy/Software/eclipse-2022-06//plugins/org.eclipse.justj.openjdk.hotspot.jre.full.win32.x86_64_17.0.3.v20220515-1416/jre/bin;C:\Program Files\Zulu\zulu-17\bin\;C:\Program Files\Java\jdk1.8.0_92\bin;C:\Program Files\Common Files\Oracle\Java\javapath;C:\WINDOWS\system32;C:\WINDOWS;C:\WINDOWS\System32\Wbem;C:\WINDOWS\System32\WindowsPowerShell\v1.0\;C:\WINDOWS\System32\OpenSSH\;C:\Program Files\nodejs\;C:\Program Files\7-Zip;C:\Program Files\Amazon\AWSCLIV2\;C:\Program Files\Git\cmd;C:\Program Files\Docker\Docker\resources\bin;C:\ProgramData\DockerDesktop\version-bin;C:\Program Files\Amazon\AWSSAMCLI\bin\;C:\Vignesh\Academy\Software\apache-maven-3.6.3\bin;C:\Users\119780\AppData\Local\Programs\Python\Python39\Scripts\;C:\Users\119780\AppData\Local\Programs\Python\Python39\;C:\Users\119780\AppData\Local\Microsoft\WindowsApps;C:\Users\119780\AppData\Roaming\npm;C:\Program Files\Java\jdk1.8.0_92\bin;;C:\Vignesh\Academy\Software\eclipse-2022-06;;.]
2022-11-01 11:42:59,893 INFO [localhost-startStop-1] o.a.c.c.C.[.[.[/] [DirectJDKLog.java:180] Initializing Spring embedded WebApplicationContext
2022-11-01 11:42:59,897 INFO [localhost-startStop-1] o.s.w.c.ContextLoader [ServletWebServerApplicationContext.java:285] Root WebApplicationContext: initialization completed in 6259 ms
2022-11-01 11:43:00,479 INFO [localhost-startStop-1] o.s.b.w.s.ServletRegistrationBean [ServletRegistrationBean.java:185] Servlet dispatcherServlet mapped to [/]
2022-11-01 11:43:00,493 INFO [localhost-startStop-1] o.s.b.w.s.FilterRegistrationBean [AbstractFilterRegistrationBean.java:243] Mapping filter: 'characterEncodingFilter' to: [/*]
2022-11-01 11:43:00,494 INFO [localhost-startStop-1] o.s.b.w.s.FilterRegistrationBean [AbstractFilterRegistrationBean.java:243] Mapping filter: 'hiddenHttpMethodFilter' to: [/*]
2022-11-01 11:43:00,495 INFO [localhost-startStop-1] o.s.b.w.s.FilterRegistrationBean [AbstractFilterRegistrationBean.java:243] Mapping filter: 'httpPutFormContentFilter' to: [/*]
2022-11-01 11:43:00,496 INFO [localhost-startStop-1] o.s.b.w.s.FilterRegistrationBean [AbstractFilterRegistrationBean.java:243] Mapping filter: 'requestContextFilter' to: [/*]
2022-11-01 11:43:01,952 INFO [restartedMain] o.s.w.s.m.m.a.RequestMappingHandlerAdapter [RequestMappingHandlerAdapter.java:567] Looking for @ControllerAdvice: org.springframework.boot.web.servlet.context.AnnotationConfigServletWebServerApplicationContext@6a43b95d: startup date [Tue Nov 01 11:42:53 IST 2022]; root of context hierarchy
2022-11-01 11:43:02,287 INFO [restartedMain] o.s.w.s.m.m.a.RequestMappingHandlerMapping [AbstractHandlerMethodMapping.java:548] Mapped "{[/]}" onto public java.lang.String com.apress.demo.HomeController.home(org.springframework.ui.Model)
2022-11-01 11:43:02,302 INFO [restartedMain] o.s.w.s.m.m.a.RequestMappingHandlerMapping [AbstractHandlerMethodMapping.java:548] Mapped "{[/error]}" onto public org.springframework.http.ResponseEntity<java.util.Map<java.lang.String, java.lang.Object>> org.springframework.boot.autoconfigure.web.servlet.error.BasicErrorController.error(javax.servlet.http.HttpServletRequest)
2022-11-01 11:43:02,305 INFO [restartedMain] o.s.w.s.m.m.a.RequestMappingHandlerMapping [AbstractHandlerMethodMapping.java:548] Mapped "{[/error],produces=[text/html]}" onto public org.springframework.web.servlet.ModelAndView org.springframework.boot.autoconfigure.web.servlet.error.BasicErrorController.errorHtml(javax.servlet.http.HttpServletRequest,javax.servlet.http.HttpServletResponse)
2022-11-01 11:43:02,427 INFO [restartedMain] o.s.w.s.h.SimpleUrlHandlerMapping [AbstractUrlHandlerMapping.java:373] Mapped URL path [/webjars/**] onto handler of type [class org.springframework.web.servlet.resource.ResourceHttpRequestHandler]
2022-11-01 11:43:02,429 INFO [restartedMain] o.s.w.s.h.SimpleUrlHandlerMapping [AbstractUrlHandlerMapping.java:373] Mapped URL path [/**] onto handler of type [class org.springframework.web.servlet.resource.ResourceHttpRequestHandler]
2022-11-01 11:43:02,603 INFO [restartedMain] o.s.w.s.h.SimpleUrlHandlerMapping [AbstractUrlHandlerMapping.java:373] Mapped URL path [/**/favicon.ico] onto handler of type [class org.springframework.web.servlet.resource.ResourceHttpRequestHandler]
2022-11-01 11:43:02,683 INFO [restartedMain] o.s.b.a.w.s.WelcomePageHandlerMapping [WelcomePageHandlerMapping.java:56] Adding welcome page: class path resource [public/index.html]
2022-11-01 11:43:03,266 WARN [restartedMain] o.s.b.d.a.OptionalLiveReloadServer [OptionalLiveReloadServer.java:61] Unable to start LiveReload server
2022-11-01 11:43:03,552 INFO [restartedMain] o.s.j.e.a.AnnotationMBeanExporter [MBeanExporter.java:434] Registering beans for JMX exposure on startup
2022-11-01 11:43:03,595 INFO [restartedMain] o.a.c.h.Http11NioProtocol [DirectJDKLog.java:180] Starting ProtocolHandler ["http-nio-8091"]
2022-11-01 11:43:03,639 INFO [restartedMain] o.a.t.u.n.NioSelectorPool [DirectJDKLog.java:180] Using a shared selector for servlet write/read
2022-11-01 11:43:03,712 INFO [restartedMain] o.s.b.w.e.t.TomcatWebServer [TomcatWebServer.java:205] Tomcat started on port(s): 8091 (http) with context path ''
2022-11-01 11:43:03,727 INFO [restartedMain] c.a.d.SpringbootEssentialsApplication [StartupInfoLogger.java:59] Started SpringbootEssentialsApplication in 11.461 seconds (JVM running for 13.637)
2022-11-01 11:43:13,488 INFO [http-nio-8091-exec-1] o.a.c.c.C.[.[.[/] [DirectJDKLog.java:180] Initializing Spring FrameworkServlet 'dispatcherServlet'
2022-11-01 11:43:13,490 INFO [http-nio-8091-exec-1] o.s.w.s.DispatcherServlet [FrameworkServlet.java:494] FrameworkServlet 'dispatcherServlet': initialization started
2022-11-01 11:43:13,559 INFO [http-nio-8091-exec-1] o.s.w.s.DispatcherServlet [FrameworkServlet.java:513] FrameworkServlet 'dispatcherServlet': initialization completed in 69 ms
2022-11-01 11:46:11,463 INFO [Thread-1] o.s.b.w.s.c.AnnotationConfigServletWebServerApplicationContext [AbstractApplicationContext.java:989] Closing org.springframework.boot.web.servlet.context.AnnotationConfigServletWebServerApplicationContext@6a43b95d: startup date [Tue Nov 01 11:42:53 IST 2022]; root of context hierarchy
2022-11-01 11:46:11,467 INFO [Thread-1] o.s.j.e.a.AnnotationMBeanExporter [MBeanExporter.java:452] Unregistering JMX-exposed beans on shutdown
2022-11-01 11:46:12,260 INFO [restartedMain] c.a.d.SpringbootEssentialsApplication [StartupInfoLogger.java:50] Starting SpringbootEssentialsApplication on LTIN279850 with PID 26852 (C:\Vignesh\Downloads\beg-spring-boot-2-master\chapter-04\springboot-essentials\target\classes started by 119780 in C:\Vignesh\Downloads\beg-spring-boot-2-master\chapter-04\springboot-essentials)
2022-11-01 11:46:12,261 DEBUG [restartedMain] c.a.d.SpringbootEssentialsApplication [StartupInfoLogger.java:53] Running with Spring Boot v2.0.0.BUILD-SNAPSHOT, Spring v5.0.4.RELEASE
2022-11-01 11:46:12,262 INFO [restartedMain] c.a.d.SpringbootEssentialsApplication [SpringApplication.java:656] The following profiles are active: prod
2022-11-01 11:46:12,267 INFO [restartedMain] o.s.b.w.s.c.AnnotationConfigServletWebServerApplicationContext [AbstractApplicationContext.java:589] Refreshing org.springframework.boot.web.servlet.context.AnnotationConfigServletWebServerApplicationContext@48252bca: startup date [Tue Nov 01 11:46:12 IST 2022]; root of context hierarchy
2022-11-01 11:46:13,192 INFO [restartedMain] o.s.b.w.e.t.TomcatWebServer [TomcatWebServer.java:91] Tomcat initialized with port(s): 8091 (http)
2022-11-01 11:46:13,194 INFO [restartedMain] o.a.c.h.Http11NioProtocol [DirectJDKLog.java:180] Initializing ProtocolHandler ["http-nio-8091"]
2022-11-01 11:46:13,195 INFO [restartedMain] o.a.c.c.StandardService [DirectJDKLog.java:180] Starting service [Tomcat]
2022-11-01 11:46:13,196 INFO [restartedMain] o.a.c.c.StandardEngine [DirectJDKLog.java:180] Starting Servlet Engine: Apache Tomcat/8.5.28
2022-11-01 11:46:13,275 INFO [localhost-startStop-1] o.a.c.c.C.[.[.[/] [DirectJDKLog.java:180] Initializing Spring embedded WebApplicationContext
2022-11-01 11:46:13,276 INFO [localhost-startStop-1] o.s.w.c.ContextLoader [ServletWebServerApplicationContext.java:285] Root WebApplicationContext: initialization completed in 1009 ms
2022-11-01 11:46:13,315 INFO [localhost-startStop-1] o.s.b.w.s.ServletRegistrationBean [ServletRegistrationBean.java:185] Servlet dispatcherServlet mapped to [/]
2022-11-01 11:46:13,316 INFO [localhost-startStop-1] o.s.b.w.s.FilterRegistrationBean [AbstractFilterRegistrationBean.java:243] Mapping filter: 'characterEncodingFilter' to: [/*]
2022-11-01 11:46:13,317 INFO [localhost-startStop-1] o.s.b.w.s.FilterRegistrationBean [AbstractFilterRegistrationBean.java:243] Mapping filter: 'hiddenHttpMethodFilter' to: [/*]
2022-11-01 11:46:13,319 INFO [localhost-startStop-1] o.s.b.w.s.FilterRegistrationBean [AbstractFilterRegistrationBean.java:243] Mapping filter: 'httpPutFormContentFilter' to: [/*]
2022-11-01 11:46:13,320 INFO [localhost-startStop-1] o.s.b.w.s.FilterRegistrationBean [AbstractFilterRegistrationBean.java:243] Mapping filter: 'requestContextFilter' to: [/*]
2022-11-01 11:46:13,481 INFO [restartedMain] o.s.w.s.m.m.a.RequestMappingHandlerAdapter [RequestMappingHandlerAdapter.java:567] Looking for @ControllerAdvice: org.springframework.boot.web.servlet.context.AnnotationConfigServletWebServerApplicationContext@48252bca: startup date [Tue Nov 01 11:46:12 IST 2022]; root of context hierarchy
2022-11-01 11:46:13,492 INFO [restartedMain] o.s.w.s.m.m.a.RequestMappingHandlerMapping [AbstractHandlerMethodMapping.java:548] Mapped "{[/]}" onto public java.lang.String com.apress.demo.HomeController.home(org.springframework.ui.Model)
2022-11-01 11:46:13,498 INFO [restartedMain] o.s.w.s.m.m.a.RequestMappingHandlerMapping [AbstractHandlerMethodMapping.java:548] Mapped "{[/error]}" onto public org.springframework.http.ResponseEntity<java.util.Map<java.lang.String, java.lang.Object>> org.springframework.boot.autoconfigure.web.servlet.error.BasicErrorController.error(javax.servlet.http.HttpServletRequest)
2022-11-01 11:46:13,499 INFO [restartedMain] o.s.w.s.m.m.a.RequestMappingHandlerMapping [AbstractHandlerMethodMapping.java:548] Mapped "{[/error],produces=[text/html]}" onto public org.springframework.web.servlet.ModelAndView org.springframework.boot.autoconfigure.web.servlet.error.BasicErrorController.errorHtml(javax.servlet.http.HttpServletRequest,javax.servlet.http.HttpServletResponse)
2022-11-01 11:46:13,514 INFO [restartedMain] o.s.w.s.h.SimpleUrlHandlerMapping [AbstractUrlHandlerMapping.java:373] Mapped URL path [/webjars/**] onto handler of type [class org.springframework.web.servlet.resource.ResourceHttpRequestHandler]
2022-11-01 11:46:13,515 INFO [restartedMain] o.s.w.s.h.SimpleUrlHandlerMapping [AbstractUrlHandlerMapping.java:373] Mapped URL path [/**] onto handler of type [class org.springframework.web.servlet.resource.ResourceHttpRequestHandler]
2022-11-01 11:46:13,537 INFO [restartedMain] o.s.w.s.h.SimpleUrlHandlerMapping [AbstractUrlHandlerMapping.java:373] Mapped URL path [/**/favicon.ico] onto handler of type [class org.springframework.web.servlet.resource.ResourceHttpRequestHandler]
2022-11-01 11:46:13,549 INFO [restartedMain] o.s.b.a.w.s.WelcomePageHandlerMapping [WelcomePageHandlerMapping.java:56] Adding welcome page: class path resource [public/index.html]
2022-11-01 11:46:13,604 INFO [restartedMain] o.s.b.d.a.OptionalLiveReloadServer [OptionalLiveReloadServer.java:57] LiveReload server is running on port 35729
2022-11-01 11:46:13,668 INFO [restartedMain] o.s.j.e.a.AnnotationMBeanExporter [MBeanExporter.java:434] Registering beans for JMX exposure on startup
2022-11-01 11:46:13,676 INFO [restartedMain] o.a.c.h.Http11NioProtocol [DirectJDKLog.java:180] Starting ProtocolHandler ["http-nio-8091"]
2022-11-01 11:46:13,680 INFO [restartedMain] o.a.t.u.n.NioSelectorPool [DirectJDKLog.java:180] Using a shared selector for servlet write/read
2022-11-01 11:46:13,693 INFO [restartedMain] o.s.b.w.e.t.TomcatWebServer [TomcatWebServer.java:205] Tomcat started on port(s): 8091 (http) with context path ''
2022-11-01 11:46:13,695 INFO [restartedMain] c.a.d.SpringbootEssentialsApplication [StartupInfoLogger.java:59] Started SpringbootEssentialsApplication in 1.522 seconds (JVM running for 203.607)
2022-11-01 11:46:13,701 INFO [restartedMain] o.s.b.d.a.ConditionEvaluationDeltaLoggingListener [ConditionEvaluationDeltaLoggingListener.java:56] Condition evaluation unchanged
2022-11-01 11:46:53,977 INFO [Thread-11] o.s.b.w.s.c.AnnotationConfigServletWebServerApplicationContext [AbstractApplicationContext.java:989] Closing org.springframework.boot.web.servlet.context.AnnotationConfigServletWebServerApplicationContext@48252bca: startup date [Tue Nov 01 11:46:12 IST 2022]; root of context hierarchy
2022-11-01 11:46:53,979 INFO [Thread-11] o.s.j.e.a.AnnotationMBeanExporter [MBeanExporter.java:452] Unregistering JMX-exposed beans on shutdown
2022-11-01 11:46:54,841 INFO [restartedMain] c.a.d.SpringbootEssentialsApplication [StartupInfoLogger.java:50] Starting SpringbootEssentialsApplication on LTIN279850 with PID 26852 (C:\Vignesh\Downloads\beg-spring-boot-2-master\chapter-04\springboot-essentials\target\classes started by 119780 in C:\Vignesh\Downloads\beg-spring-boot-2-master\chapter-04\springboot-essentials)
2022-11-01 11:46:54,841 DEBUG [restartedMain] c.a.d.SpringbootEssentialsApplication [StartupInfoLogger.java:53] Running with Spring Boot v2.0.0.BUILD-SNAPSHOT, Spring v5.0.4.RELEASE
2022-11-01 11:46:54,842 INFO [restartedMain] c.a.d.SpringbootEssentialsApplication [SpringApplication.java:656] The following profiles are active: prod
2022-11-01 11:46:54,847 INFO [restartedMain] o.s.b.w.s.c.AnnotationConfigServletWebServerApplicationContext [AbstractApplicationContext.java:589] Refreshing org.springframework.boot.web.servlet.context.AnnotationConfigServletWebServerApplicationContext@69eb28f1: startup date [Tue Nov 01 11:46:54 IST 2022]; root of context hierarchy
2022-11-01 11:46:55,589 INFO [restartedMain] o.s.b.w.e.t.TomcatWebServer [TomcatWebServer.java:91] Tomcat initialized with port(s): 8091 (http)
2022-11-01 11:46:55,591 INFO [restartedMain] o.a.c.h.Http11NioProtocol [DirectJDKLog.java:180] Initializing ProtocolHandler ["http-nio-8091"]
2022-11-01 11:46:55,593 INFO [restartedMain] o.a.c.c.StandardService [DirectJDKLog.java:180] Starting service [Tomcat]
2022-11-01 11:46:55,593 INFO [restartedMain] o.a.c.c.StandardEngine [DirectJDKLog.java:180] Starting Servlet Engine: Apache Tomcat/8.5.28
2022-11-01 11:46:55,685 INFO [localhost-startStop-1] o.a.c.c.C.[.[.[/] [DirectJDKLog.java:180] Initializing Spring embedded WebApplicationContext
2022-11-01 11:46:55,688 INFO [localhost-startStop-1] o.s.w.c.ContextLoader [ServletWebServerApplicationContext.java:285] Root WebApplicationContext: initialization completed in 841 ms
2022-11-01 11:46:55,734 INFO [localhost-startStop-1] o.s.b.w.s.ServletRegistrationBean [ServletRegistrationBean.java:185] Servlet dispatcherServlet mapped to [/]
2022-11-01 11:46:55,735 INFO [localhost-startStop-1] o.s.b.w.s.FilterRegistrationBean [AbstractFilterRegistrationBean.java:243] Mapping filter: 'characterEncodingFilter' to: [/*]
2022-11-01 11:46:55,735 INFO [localhost-startStop-1] o.s.b.w.s.FilterRegistrationBean [AbstractFilterRegistrationBean.java:243] Mapping filter: 'hiddenHttpMethodFilter' to: [/*]
2022-11-01 11:46:55,736 INFO [localhost-startStop-1] o.s.b.w.s.FilterRegistrationBean [AbstractFilterRegistrationBean.java:243] Mapping filter: 'httpPutFormContentFilter' to: [/*]
2022-11-01 11:46:55,736 INFO [localhost-startStop-1] o.s.b.w.s.FilterRegistrationBean [AbstractFilterRegistrationBean.java:243] Mapping filter: 'requestContextFilter' to: [/*]
2022-11-01 11:46:55,883 INFO [restartedMain] o.s.w.s.m.m.a.RequestMappingHandlerAdapter [RequestMappingHandlerAdapter.java:567] Looking for @ControllerAdvice: org.springframework.boot.web.servlet.context.AnnotationConfigServletWebServerApplicationContext@69eb28f1: startup date [Tue Nov 01 11:46:54 IST 2022]; root of context hierarchy
2022-11-01 11:46:55,892 INFO [restartedMain] o.s.w.s.m.m.a.RequestMappingHandlerMapping [AbstractHandlerMethodMapping.java:548] Mapped "{[/]}" onto public java.lang.String com.apress.demo.HomeController.home(org.springframework.ui.Model)
2022-11-01 11:46:55,897 INFO [restartedMain] o.s.w.s.m.m.a.RequestMappingHandlerMapping [AbstractHandlerMethodMapping.java:548] Mapped "{[/error]}" onto public org.springframework.http.ResponseEntity<java.util.Map<java.lang.String, java.lang.Object>> org.springframework.boot.autoconfigure.web.servlet.error.BasicErrorController.error(javax.servlet.http.HttpServletRequest)
2022-11-01 11:46:55,898 INFO [restartedMain] o.s.w.s.m.m.a.RequestMappingHandlerMapping [AbstractHandlerMethodMapping.java:548] Mapped "{[/error],produces=[text/html]}" onto public org.springframework.web.servlet.ModelAndView org.springframework.boot.autoconfigure.web.servlet.error.BasicErrorController.errorHtml(javax.servlet.http.HttpServletRequest,javax.servlet.http.HttpServletResponse)
2022-11-01 11:46:55,910 INFO [restartedMain] o.s.w.s.h.SimpleUrlHandlerMapping [AbstractUrlHandlerMapping.java:373] Mapped URL path [/webjars/**] onto handler of type [class org.springframework.web.servlet.resource.ResourceHttpRequestHandler]
2022-11-01 11:46:55,911 INFO [restartedMain] o.s.w.s.h.SimpleUrlHandlerMapping [AbstractUrlHandlerMapping.java:373] Mapped URL path [/**] onto handler of type [class org.springframework.web.servlet.resource.ResourceHttpRequestHandler]
2022-11-01 11:46:55,932 INFO [restartedMain] o.s.w.s.h.SimpleUrlHandlerMapping [AbstractUrlHandlerMapping.java:373] Mapped URL path [/**/favicon.ico] onto handler of type [class org.springframework.web.servlet.resource.ResourceHttpRequestHandler]
2022-11-01 11:46:55,941 INFO [restartedMain] o.s.b.a.w.s.WelcomePageHandlerMapping [WelcomePageHandlerMapping.java:56] Adding welcome page: class path resource [public/index.html]
2022-11-01 11:46:55,999 INFO [restartedMain] o.s.b.d.a.OptionalLiveReloadServer [OptionalLiveReloadServer.java:57] LiveReload server is running on port 35729
2022-11-01 11:46:56,066 INFO [restartedMain] o.s.j.e.a.AnnotationMBeanExporter [MBeanExporter.java:434] Registering beans for JMX exposure on startup
2022-11-01 11:46:56,079 INFO [restartedMain] o.a.c.h.Http11NioProtocol [DirectJDKLog.java:180] Starting ProtocolHandler ["http-nio-8091"]
2022-11-01 11:46:56,084 INFO [restartedMain] o.a.t.u.n.NioSelectorPool [DirectJDKLog.java:180] Using a shared selector for servlet write/read
2022-11-01 11:46:56,107 INFO [restartedMain] o.s.b.w.e.t.TomcatWebServer [TomcatWebServer.java:205] Tomcat started on port(s): 8091 (http) with context path ''
2022-11-01 11:46:56,109 INFO [restartedMain] c.a.d.SpringbootEssentialsApplication [StartupInfoLogger.java:59] Started SpringbootEssentialsApplication in 1.356 seconds (JVM running for 246.022)
2022-11-01 11:46:56,115 INFO [restartedMain] o.s.b.d.a.ConditionEvaluationDeltaLoggingListener [ConditionEvaluationDeltaLoggingListener.java:56] Condition evaluation unchanged
2022-11-01 11:47:21,067 INFO [Thread-15] o.s.b.w.s.c.AnnotationConfigServletWebServerApplicationContext [AbstractApplicationContext.java:989] Closing org.springframework.boot.web.servlet.context.AnnotationConfigServletWebServerApplicationContext@69eb28f1: startup date [Tue Nov 01 11:46:54 IST 2022]; root of context hierarchy
2022-11-01 11:47:21,070 INFO [Thread-15] o.s.j.e.a.AnnotationMBeanExporter [MBeanExporter.java:452] Unregistering JMX-exposed beans on shutdown
2022-11-01 11:47:21,971 INFO [restartedMain] c.a.d.SpringbootEssentialsApplication [StartupInfoLogger.java:50] Starting SpringbootEssentialsApplication on LTIN279850 with PID 26852 (C:\Vignesh\Downloads\beg-spring-boot-2-master\chapter-04\springboot-essentials\target\classes started by 119780 in C:\Vignesh\Downloads\beg-spring-boot-2-master\chapter-04\springboot-essentials)
2022-11-01 11:47:21,972 DEBUG [restartedMain] c.a.d.SpringbootEssentialsApplication [StartupInfoLogger.java:53] Running with Spring Boot v2.0.0.BUILD-SNAPSHOT, Spring v5.0.4.RELEASE
2022-11-01 11:47:21,974 INFO [restartedMain] c.a.d.SpringbootEssentialsApplication [SpringApplication.java:656] The following profiles are active: prod
2022-11-01 11:47:21,980 INFO [restartedMain] o.s.b.w.s.c.AnnotationConfigServletWebServerApplicationContext [AbstractApplicationContext.java:589] Refreshing org.springframework.boot.web.servlet.context.AnnotationConfigServletWebServerApplicationContext@604c5d1b: startup date [Tue Nov 01 11:47:21 IST 2022]; root of context hierarchy
2022-11-01 11:47:22,796 INFO [restartedMain] o.s.b.w.e.t.TomcatWebServer [TomcatWebServer.java:91] Tomcat initialized with port(s): 8091 (http)
2022-11-01 11:47:22,799 INFO [restartedMain] o.a.c.h.Http11NioProtocol [DirectJDKLog.java:180] Initializing ProtocolHandler ["http-nio-8091"]
2022-11-01 11:47:22,800 INFO [restartedMain] o.a.c.c.StandardService [DirectJDKLog.java:180] Starting service [Tomcat]
2022-11-01 11:47:22,801 INFO [restartedMain] o.a.c.c.StandardEngine [DirectJDKLog.java:180] Starting Servlet Engine: Apache Tomcat/8.5.28
2022-11-01 11:47:22,905 INFO [localhost-startStop-1] o.a.c.c.C.[.[.[/] [DirectJDKLog.java:180] Initializing Spring embedded WebApplicationContext
2022-11-01 11:47:22,908 INFO [localhost-startStop-1] o.s.w.c.ContextLoader [ServletWebServerApplicationContext.java:285] Root WebApplicationContext: initialization completed in 929 ms
2022-11-01 11:47:22,952 INFO [localhost-startStop-1] o.s.b.w.s.ServletRegistrationBean [ServletRegistrationBean.java:185] Servlet dispatcherServlet mapped to [/]
2022-11-01 11:47:22,955 INFO [localhost-startStop-1] o.s.b.w.s.FilterRegistrationBean [AbstractFilterRegistrationBean.java:243] Mapping filter: 'characterEncodingFilter' to: [/*]
2022-11-01 11:47:22,958 INFO [localhost-startStop-1] o.s.b.w.s.FilterRegistrationBean [AbstractFilterRegistrationBean.java:243] Mapping filter: 'hiddenHttpMethodFilter' to: [/*]
2022-11-01 11:47:22,961 INFO [localhost-startStop-1] o.s.b.w.s.FilterRegistrationBean [AbstractFilterRegistrationBean.java:243] Mapping filter: 'httpPutFormContentFilter' to: [/*]
2022-11-01 11:47:22,962 INFO [localhost-startStop-1] o.s.b.w.s.FilterRegistrationBean [AbstractFilterRegistrationBean.java:243] Mapping filter: 'requestContextFilter' to: [/*]
2022-11-01 11:47:23,108 INFO [restartedMain] o.s.w.s.m.m.a.RequestMappingHandlerAdapter [RequestMappingHandlerAdapter.java:567] Looking for @ControllerAdvice: org.springframework.boot.web.servlet.context.AnnotationConfigServletWebServerApplicationContext@604c5d1b: startup date [Tue Nov 01 11:47:21 IST 2022]; root of context hierarchy
2022-11-01 11:47:23,118 INFO [restartedMain] o.s.w.s.m.m.a.RequestMappingHandlerMapping [AbstractHandlerMethodMapping.java:548] Mapped "{[/]}" onto public java.lang.String com.apress.demo.HomeController.home(org.springframework.ui.Model)
2022-11-01 11:47:23,122 INFO [restartedMain] o.s.w.s.m.m.a.RequestMappingHandlerMapping [AbstractHandlerMethodMapping.java:548] Mapped "{[/error]}" onto public org.springframework.http.ResponseEntity<java.util.Map<java.lang.String, java.lang.Object>> org.springframework.boot.autoconfigure.web.servlet.error.BasicErrorController.error(javax.servlet.http.HttpServletRequest)
2022-11-01 11:47:23,124 INFO [restartedMain] o.s.w.s.m.m.a.RequestMappingHandlerMapping [AbstractHandlerMethodMapping.java:548] Mapped "{[/error],produces=[text/html]}" onto public org.springframework.web.servlet.ModelAndView org.springframework.boot.autoconfigure.web.servlet.error.BasicErrorController.errorHtml(javax.servlet.http.HttpServletRequest,javax.servlet.http.HttpServletResponse)
2022-11-01 11:47:23,135 INFO [restartedMain] o.s.w.s.h.SimpleUrlHandlerMapping [AbstractUrlHandlerMapping.java:373] Mapped URL path [/webjars/**] onto handler of type [class org.springframework.web.servlet.resource.ResourceHttpRequestHandler]
2022-11-01 11:47:23,136 INFO [restartedMain] o.s.w.s.h.SimpleUrlHandlerMapping [AbstractUrlHandlerMapping.java:373] Mapped URL path [/**] onto handler of type [class org.springframework.web.servlet.resource.ResourceHttpRequestHandler]
2022-11-01 11:47:23,152 INFO [restartedMain] o.s.w.s.h.SimpleUrlHandlerMapping [AbstractUrlHandlerMapping.java:373] Mapped URL path [/**/favicon.ico] onto handler of type [class org.springframework.web.servlet.resource.ResourceHttpRequestHandler]
2022-11-01 11:47:23,166 INFO [restartedMain] o.s.b.a.w.s.WelcomePageHandlerMapping [WelcomePageHandlerMapping.java:56] Adding welcome page: class path resource [public/index.html]
2022-11-01 11:47:23,208 INFO [restartedMain] o.s.b.d.a.OptionalLiveReloadServer [OptionalLiveReloadServer.java:57] LiveReload server is running on port 35729
2022-11-01 11:47:23,275 INFO [restartedMain] o.s.j.e.a.AnnotationMBeanExporter [MBeanExporter.java:434] Registering beans for JMX exposure on startup
2022-11-01 11:47:23,291 INFO [restartedMain] o.a.c.h.Http11NioProtocol [DirectJDKLog.java:180] Starting ProtocolHandler ["http-nio-8091"]
2022-11-01 11:47:23,294 INFO [restartedMain] o.a.t.u.n.NioSelectorPool [DirectJDKLog.java:180] Using a shared selector for servlet write/read
2022-11-01 11:47:23,317 INFO [restartedMain] o.s.b.w.e.t.TomcatWebServer [TomcatWebServer.java:205] Tomcat started on port(s): 8091 (http) with context path ''
2022-11-01 11:47:23,321 INFO [restartedMain] c.a.d.SpringbootEssentialsApplication [StartupInfoLogger.java:59] Started SpringbootEssentialsApplication in 1.437 seconds (JVM running for 273.234)
2022-11-01 11:47:23,328 INFO [restartedMain] o.s.b.d.a.ConditionEvaluationDeltaLoggingListener [ConditionEvaluationDeltaLoggingListener.java:56] Condition evaluation unchanged
2022-11-01 12:26:12,389 INFO [main] o.s.b.t.c.SpringBootTestContextBootstrapper [AbstractTestContextBootstrapper.java:308] Neither @ContextConfiguration nor @ContextHierarchy found for test class [com.apress.demo.SpringbootEssentialsApplicationTest], using SpringBootContextLoader
2022-11-01 12:26:12,536 INFO [main] o.s.t.c.s.AbstractContextLoader [AbstractContextLoader.java:264] Could not detect default resource locations for test class [com.apress.demo.SpringbootEssentialsApplicationTest]: no resource found for suffixes {-context.xml, Context.groovy}.
2022-11-01 12:26:15,299 INFO [main] o.s.b.t.c.SpringBootTestContextBootstrapper [AbstractTestContextBootstrapper.java:248] Loaded default TestExecutionListener class names from location [META-INF/spring.factories]: [org.springframework.boot.test.mock.mockito.MockitoTestExecutionListener, org.springframework.boot.test.mock.mockito.ResetMocksTestExecutionListener, org.springframework.boot.test.autoconfigure.restdocs.RestDocsTestExecutionListener, org.springframework.boot.test.autoconfigure.web.client.MockRestServiceServerResetTestExecutionListener, org.springframework.boot.test.autoconfigure.web.servlet.MockMvcPrintOnlyOnFailureTestExecutionListener, org.springframework.boot.test.autoconfigure.web.servlet.WebDriverTestExecutionListener, org.springframework.test.context.web.ServletTestExecutionListener, org.springframework.test.context.support.DirtiesContextBeforeModesTestExecutionListener, org.springframework.test.context.support.DependencyInjectionTestExecutionListener, org.springframework.test.context.support.DirtiesContextTestExecutionListener, org.springframework.test.context.transaction.TransactionalTestExecutionListener, org.springframework.test.context.jdbc.SqlScriptsTestExecutionListener]
2022-11-01 12:26:15,685 INFO [main] o.s.b.t.c.SpringBootTestContextBootstrapper [AbstractTestContextBootstrapper.java:177] Using TestExecutionListeners: [org.springframework.test.context.web.ServletTestExecutionListener@38ba6ce3, org.springframework.test.context.support.DirtiesContextBeforeModesTestExecutionListener@d278d2b, org.springframework.boot.test.mock.mockito.MockitoTestExecutionListener@2d6c53fc, org.springframework.boot.test.autoconfigure.SpringBootDependencyInjectionTestExecutionListener@25f4878b, org.springframework.test.context.support.DirtiesContextTestExecutionListener@4e423aa2, org.springframework.boot.test.mock.mockito.ResetMocksTestExecutionListener@7fbdb894, org.springframework.boot.test.autoconfigure.restdocs.RestDocsTestExecutionListener@3081f72c, org.springframework.boot.test.autoconfigure.web.client.MockRestServiceServerResetTestExecutionListener@3148f668, org.springframework.boot.test.autoconfigure.web.servlet.MockMvcPrintOnlyOnFailureTestExecutionListener@6e005dc9, org.springframework.boot.test.autoconfigure.web.servlet.WebDriverTestExecutionListener@7ceb3185]
2022-11-01 12:26:22,518 INFO [main] c.a.d.SpringbootEssentialsApplicationTest [StartupInfoLogger.java:50] Starting SpringbootEssentialsApplicationTest on LTIN279850 with PID 16028 (started by 119780 in C:\Vignesh\Downloads\beg-spring-boot-2-master\chapter-04\springboot-essentials)
2022-11-01 12:26:22,522 DEBUG [main] c.a.d.SpringbootEssentialsApplicationTest [StartupInfoLogger.java:53] Running with Spring Boot v2.0.0.BUILD-SNAPSHOT, Spring v5.0.4.RELEASE
2022-11-01 12:26:22,569 INFO [main] c.a.d.SpringbootEssentialsApplicationTest [SpringApplication.java:656] The following profiles are active: test
2022-11-01 12:26:23,118 INFO [main] o.s.w.c.s.GenericWebApplicationContext [AbstractApplicationContext.java:589] Refreshing org.springframework.web.context.support.GenericWebApplicationContext@56a4479a: startup date [Tue Nov 01 12:26:23 IST 2022]; root of context hierarchy
2022-11-01 12:26:40,947 INFO [main] o.s.w.s.m.m.a.RequestMappingHandlerAdapter [RequestMappingHandlerAdapter.java:567] Looking for @ControllerAdvice: org.springframework.web.context.support.GenericWebApplicationContext@56a4479a: startup date [Tue Nov 01 12:26:23 IST 2022]; root of context hierarchy
2022-11-01 12:26:41,789 INFO [main] o.s.w.s.m.m.a.RequestMappingHandlerMapping [AbstractHandlerMethodMapping.java:548] Mapped "{[/]}" onto public java.lang.String com.apress.demo.HomeController.home(org.springframework.ui.Model)
2022-11-01 12:26:41,796 INFO [main] o.s.w.s.m.m.a.RequestMappingHandlerMapping [AbstractHandlerMethodMapping.java:548] Mapped "{[/error]}" onto public org.springframework.http.ResponseEntity<java.util.Map<java.lang.String, java.lang.Object>> org.springframework.boot.autoconfigure.web.servlet.error.BasicErrorController.error(javax.servlet.http.HttpServletRequest)
2022-11-01 12:26:41,798 INFO [main] o.s.w.s.m.m.a.RequestMappingHandlerMapping [AbstractHandlerMethodMapping.java:548] Mapped "{[/error],produces=[text/html]}" onto public org.springframework.web.servlet.ModelAndView org.springframework.boot.autoconfigure.web.servlet.error.BasicErrorController.errorHtml(javax.servlet.http.HttpServletRequest,javax.servlet.http.HttpServletResponse)
2022-11-01 12:26:42,701 INFO [main] o.s.w.s.h.SimpleUrlHandlerMapping [AbstractUrlHandlerMapping.java:373] Mapped URL path [/webjars/**] onto handler of type [class org.springframework.web.servlet.resource.ResourceHttpRequestHandler]
2022-11-01 12:26:42,702 INFO [main] o.s.w.s.h.SimpleUrlHandlerMapping [AbstractUrlHandlerMapping.java:373] Mapped URL path [/**] onto handler of type [class org.springframework.web.servlet.resource.ResourceHttpRequestHandler]
2022-11-01 12:26:43,038 INFO [main] o.s.w.s.h.SimpleUrlHandlerMapping [AbstractUrlHandlerMapping.java:373] Mapped URL path [/**/favicon.ico] onto handler of type [class org.springframework.web.servlet.resource.ResourceHttpRequestHandler]
2022-11-01 12:26:43,513 INFO [main] o.s.b.a.w.s.WelcomePageHandlerMapping [WelcomePageHandlerMapping.java:56] Adding welcome page: class path resource [public/index.html]
2022-11-01 12:26:51,646 INFO [main] c.a.d.SpringbootEssentialsApplicationTest [StartupInfoLogger.java:59] Started SpringbootEssentialsApplicationTest in 34.911 seconds (JVM running for 48.531)
2022-11-01 12:26:54,479 INFO [Thread-2] o.s.w.c.s.GenericWebApplicationContext [AbstractApplicationContext.java:989] Closing org.springframework.web.context.support.GenericWebApplicationContext@56a4479a: startup date [Tue Nov 01 12:26:23 IST 2022]; root of context hierarchy
